[2025-04-10T18:45:56.681+0000] {manager.py:483} INFO - Processing files using up to 2 processes at a time 
[2025-04-10T18:45:56.684+0000] {manager.py:484} INFO - Process each file at most once every 30 seconds
[2025-04-10T18:45:56.685+0000] {manager.py:485} INFO - Checking for new files in /opt/airflow/dags every 300 seconds
[2025-04-10T18:45:56.687+0000] {manager.py:821} INFO - Searching for files in /opt/airflow/dags
[2025-04-10T18:45:56.995+0000] {manager.py:824} INFO - There are 5 files in /opt/airflow/dags
[2025-04-10T18:45:57.373+0000] {manager.py:997} INFO - 
================================================================================
DAG File Processing Stats

File Path                                           PID  Runtime      # DAGs    # Errors  Last Runtime    Last Run      Last # of DB Queries
------------------------------------------------  -----  ---------  --------  ----------  --------------  ----------  ----------------------
/opt/airflow/dags/create_sql_tables.py               45  0.09s             0           0                                                   0
/opt/airflow/dags/delete_data_from_sql_tables.py     44  0.15s             0           0                                                   0
/opt/airflow/dags/etl_books.py                                             0           0                                                   0
/opt/airflow/dags/etl_ratings.py                                           0           0                                                   0
/opt/airflow/dags/etl_users.py                                             0           0                                                   0
================================================================================
[2025-04-10T18:46:27.663+0000] {manager.py:997} INFO - 
================================================================================
DAG File Processing Stats

File Path                                         PID    Runtime      # DAGs    # Errors  Last Runtime    Last Run               Last # of DB Queries
------------------------------------------------  -----  ---------  --------  ----------  --------------  -------------------  ----------------------
/opt/airflow/dags/etl_users.py                                             1           0  2.14s           2025-04-10T18:46:01                      34
/opt/airflow/dags/create_sql_tables.py                                     1           0  0.88s           2025-04-10T18:45:58                      34
/opt/airflow/dags/delete_data_from_sql_tables.py                           1           0  0.87s           2025-04-10T18:45:58                      32
/opt/airflow/dags/etl_ratings.py                                           1           0  0.83s           2025-04-10T18:45:59                      34
/opt/airflow/dags/etl_books.py                                             1           0  0.80s           2025-04-10T18:45:58                      34
================================================================================
[2025-04-10T18:46:58.215+0000] {manager.py:997} INFO - 
================================================================================
DAG File Processing Stats

File Path                                         PID    Runtime      # DAGs    # Errors  Last Runtime    Last Run               Last # of DB Queries
------------------------------------------------  -----  ---------  --------  ----------  --------------  -------------------  ----------------------
/opt/airflow/dags/etl_users.py                                             1           0  2.17s           2025-04-10T18:46:33                      34
/opt/airflow/dags/delete_data_from_sql_tables.py                           1           0  0.66s           2025-04-10T18:46:29                      32
/opt/airflow/dags/etl_ratings.py                                           1           0  0.61s           2025-04-10T18:46:30                      34
/opt/airflow/dags/etl_books.py                                             1           0  0.58s           2025-04-10T18:46:29                      34
/opt/airflow/dags/create_sql_tables.py                                     1           0  0.57s           2025-04-10T18:46:29                      34
================================================================================
[2025-04-10T18:47:29.184+0000] {manager.py:997} INFO - 
================================================================================
DAG File Processing Stats

File Path                                         PID    Runtime      # DAGs    # Errors  Last Runtime    Last Run               Last # of DB Queries
------------------------------------------------  -----  ---------  --------  ----------  --------------  -------------------  ----------------------
/opt/airflow/dags/etl_users.py                                             1           0  2.61s           2025-04-10T18:47:06                      34
/opt/airflow/dags/create_sql_tables.py                                     1           0  0.65s           2025-04-10T18:47:00                      34
/opt/airflow/dags/delete_data_from_sql_tables.py                           1           0  0.64s           2025-04-10T18:47:00                      32
/opt/airflow/dags/etl_ratings.py                                           1           0  0.55s           2025-04-10T18:47:01                      34
/opt/airflow/dags/etl_books.py                                             1           0  0.54s           2025-04-10T18:47:01                      34
================================================================================
[2025-04-10T18:47:59.450+0000] {manager.py:997} INFO - 
================================================================================
DAG File Processing Stats

File Path                                         PID    Runtime      # DAGs    # Errors  Last Runtime    Last Run               Last # of DB Queries
------------------------------------------------  -----  ---------  --------  ----------  --------------  -------------------  ----------------------
/opt/airflow/dags/etl_users.py                                             1           0  2.31s           2025-04-10T18:47:39                      34
/opt/airflow/dags/create_sql_tables.py                                     1           0  0.79s           2025-04-10T18:47:32                      34
/opt/airflow/dags/delete_data_from_sql_tables.py                           1           0  0.75s           2025-04-10T18:47:32                      32
/opt/airflow/dags/etl_books.py                                             1           0  0.67s           2025-04-10T18:47:32                      34
/opt/airflow/dags/etl_ratings.py                                           1           0  0.67s           2025-04-10T18:47:32                      34
================================================================================
[2025-04-10T18:48:29.664+0000] {manager.py:997} INFO - 
================================================================================
DAG File Processing Stats

File Path                                         PID    Runtime      # DAGs    # Errors  Last Runtime    Last Run               Last # of DB Queries
------------------------------------------------  -----  ---------  --------  ----------  --------------  -------------------  ----------------------
/opt/airflow/dags/etl_users.py                                             1           0  1.91s           2025-04-10T18:48:11                      34
/opt/airflow/dags/create_sql_tables.py                                     1           0  0.55s           2025-04-10T18:48:03                      34
/opt/airflow/dags/etl_ratings.py                                           1           0  0.53s           2025-04-10T18:48:04                      34
/opt/airflow/dags/delete_data_from_sql_tables.py                           1           0  0.51s           2025-04-10T18:48:03                      32
/opt/airflow/dags/etl_books.py                                             1           0  0.45s           2025-04-10T18:48:03                      34
================================================================================
[2025-04-10T18:49:00.060+0000] {manager.py:997} INFO - 
================================================================================
DAG File Processing Stats

File Path                                         PID    Runtime      # DAGs    # Errors  Last Runtime    Last Run               Last # of DB Queries
------------------------------------------------  -----  ---------  --------  ----------  --------------  -------------------  ----------------------
/opt/airflow/dags/etl_users.py                                             1           0  1.54s           2025-04-10T18:48:43                      34
/opt/airflow/dags/create_sql_tables.py                                     1           0  0.61s           2025-04-10T18:48:33                      34
/opt/airflow/dags/delete_data_from_sql_tables.py                           1           0  0.59s           2025-04-10T18:48:33                      32
/opt/airflow/dags/etl_ratings.py                                           1           0  0.56s           2025-04-10T18:48:35                      34
/opt/airflow/dags/etl_books.py                                             1           0  0.53s           2025-04-10T18:48:34                      34
================================================================================
[2025-04-10T18:49:30.339+0000] {manager.py:997} INFO - 
================================================================================
DAG File Processing Stats

File Path                                         PID    Runtime      # DAGs    # Errors  Last Runtime    Last Run               Last # of DB Queries
------------------------------------------------  -----  ---------  --------  ----------  --------------  -------------------  ----------------------
/opt/airflow/dags/etl_users.py                                             1           0  1.44s           2025-04-10T18:49:15                      34
/opt/airflow/dags/etl_ratings.py                                           1           0  1.00s           2025-04-10T18:49:06                      34
/opt/airflow/dags/create_sql_tables.py                                     1           0  0.95s           2025-04-10T18:49:05                      34
/opt/airflow/dags/etl_books.py                                             1           0  0.91s           2025-04-10T18:49:05                      34
/opt/airflow/dags/delete_data_from_sql_tables.py                           1           0  0.62s           2025-04-10T18:49:04                      32
================================================================================
[2025-04-10T18:50:00.436+0000] {manager.py:997} INFO - 
================================================================================
DAG File Processing Stats

File Path                                         PID    Runtime      # DAGs    # Errors  Last Runtime    Last Run               Last # of DB Queries
------------------------------------------------  -----  ---------  --------  ----------  --------------  -------------------  ----------------------
/opt/airflow/dags/etl_users.py                                             1           0  1.93s           2025-04-10T18:49:47                      34
/opt/airflow/dags/delete_data_from_sql_tables.py                           1           0  0.98s           2025-04-10T18:49:35                      32
/opt/airflow/dags/create_sql_tables.py                                     1           0  0.91s           2025-04-10T18:49:36                      34
/opt/airflow/dags/etl_books.py                                             1           0  0.90s           2025-04-10T18:49:36                      34
/opt/airflow/dags/etl_ratings.py                                           1           0  0.85s           2025-04-10T18:49:37                      34
================================================================================
[2025-04-10T18:50:30.627+0000] {manager.py:997} INFO - 
================================================================================
DAG File Processing Stats

File Path                                         PID    Runtime      # DAGs    # Errors  Last Runtime    Last Run               Last # of DB Queries
------------------------------------------------  -----  ---------  --------  ----------  --------------  -------------------  ----------------------
/opt/airflow/dags/etl_users.py                                             1           0  1.90s           2025-04-10T18:50:19                      34
/opt/airflow/dags/etl_ratings.py                                           1           0  0.49s           2025-04-10T18:50:08                      34
/opt/airflow/dags/create_sql_tables.py                                     1           0  0.48s           2025-04-10T18:50:07                      34
/opt/airflow/dags/delete_data_from_sql_tables.py                           1           0  0.47s           2025-04-10T18:50:07                      32
/opt/airflow/dags/etl_books.py                                             1           0  0.46s           2025-04-10T18:50:07                      34
================================================================================
[2025-04-10T18:50:56.985+0000] {manager.py:821} INFO - Searching for files in /opt/airflow/dags
[2025-04-10T18:50:57.292+0000] {manager.py:824} INFO - There are 5 files in /opt/airflow/dags
[2025-04-10T18:51:00.727+0000] {manager.py:997} INFO - 
================================================================================
DAG File Processing Stats

File Path                                         PID    Runtime      # DAGs    # Errors  Last Runtime    Last Run               Last # of DB Queries
------------------------------------------------  -----  ---------  --------  ----------  --------------  -------------------  ----------------------
/opt/airflow/dags/etl_users.py                                             1           0  1.92s           2025-04-10T18:50:51                      34
/opt/airflow/dags/create_sql_tables.py                                     1           0  0.49s           2025-04-10T18:50:37                      34
/opt/airflow/dags/delete_data_from_sql_tables.py                           1           0  0.47s           2025-04-10T18:50:37                      32
/opt/airflow/dags/etl_ratings.py                                           1           0  0.46s           2025-04-10T18:50:38                      34
/opt/airflow/dags/etl_books.py                                             1           0  0.46s           2025-04-10T18:50:38                      34
================================================================================
[2025-04-10T18:51:31.327+0000] {manager.py:997} INFO - 
================================================================================
DAG File Processing Stats

File Path                                         PID    Runtime      # DAGs    # Errors  Last Runtime    Last Run               Last # of DB Queries
------------------------------------------------  -----  ---------  --------  ----------  --------------  -------------------  ----------------------
/opt/airflow/dags/etl_users.py                                             1           0  5.40s           2025-04-10T18:51:27                      34
/opt/airflow/dags/etl_ratings.py                                           1           0  0.66s           2025-04-10T18:51:09                      34
/opt/airflow/dags/create_sql_tables.py                                     1           0  0.65s           2025-04-10T18:51:08                      34
/opt/airflow/dags/delete_data_from_sql_tables.py                           1           0  0.63s           2025-04-10T18:51:08                      32
/opt/airflow/dags/etl_books.py                                             1           0  0.60s           2025-04-10T18:51:09                      34
================================================================================
[2025-04-10T18:52:01.362+0000] {manager.py:997} INFO - 
================================================================================
DAG File Processing Stats

File Path                                         PID    Runtime      # DAGs    # Errors  Last Runtime    Last Run               Last # of DB Queries
------------------------------------------------  -----  ---------  --------  ----------  --------------  -------------------  ----------------------
/opt/airflow/dags/etl_users.py                                             1           0  1.37s           2025-04-10T18:51:59                      34
/opt/airflow/dags/create_sql_tables.py                                     1           0  1.19s           2025-04-10T18:51:39                      34
/opt/airflow/dags/etl_ratings.py                                           1           0  0.90s           2025-04-10T18:51:40                      34
/opt/airflow/dags/etl_books.py                                             1           0  0.88s           2025-04-10T18:51:40                      34
/opt/airflow/dags/delete_data_from_sql_tables.py                           1           0  0.80s           2025-04-10T18:51:39                      32
================================================================================
[2025-04-10T18:52:31.482+0000] {manager.py:997} INFO - 
================================================================================
DAG File Processing Stats

File Path                                         PID    Runtime      # DAGs    # Errors  Last Runtime    Last Run               Last # of DB Queries
------------------------------------------------  -----  ---------  --------  ----------  --------------  -------------------  ----------------------
/opt/airflow/dags/etl_users.py                                             1           0  1.46s           2025-04-10T18:52:30                      34
/opt/airflow/dags/etl_ratings.py                                           1           0  0.91s           2025-04-10T18:52:12                      34
/opt/airflow/dags/create_sql_tables.py                                     1           0  0.87s           2025-04-10T18:52:11                      34
/opt/airflow/dags/etl_books.py                                             1           0  0.85s           2025-04-10T18:52:11                      34
/opt/airflow/dags/delete_data_from_sql_tables.py                           1           0  0.80s           2025-04-10T18:52:11                      32
================================================================================
[2025-04-10T18:53:01.495+0000] {manager.py:997} INFO - 
================================================================================
DAG File Processing Stats

File Path                                           PID  Runtime      # DAGs    # Errors  Last Runtime    Last Run               Last # of DB Queries
------------------------------------------------  -----  ---------  --------  ----------  --------------  -------------------  ----------------------
/opt/airflow/dags/etl_users.py                      219  0.01s             1           0  1.46s           2025-04-10T18:52:30                      34
/opt/airflow/dags/etl_books.py                                             1           0  1.03s           2025-04-10T18:52:43                      34
/opt/airflow/dags/etl_ratings.py                                           1           0  1.00s           2025-04-10T18:52:43                      34
/opt/airflow/dags/create_sql_tables.py                                     1           0  0.86s           2025-04-10T18:52:42                      34
/opt/airflow/dags/delete_data_from_sql_tables.py                           1           0  0.81s           2025-04-10T18:52:41                      32
================================================================================
[2025-04-10T18:53:31.891+0000] {manager.py:997} INFO - 
================================================================================
DAG File Processing Stats

File Path                                         PID    Runtime      # DAGs    # Errors  Last Runtime    Last Run               Last # of DB Queries
------------------------------------------------  -----  ---------  --------  ----------  --------------  -------------------  ----------------------
/opt/airflow/dags/etl_users.py                                             1           0  1.64s           2025-04-10T18:53:03                      34
/opt/airflow/dags/etl_ratings.py                                           1           0  0.54s           2025-04-10T18:53:14                      34
/opt/airflow/dags/etl_books.py                                             1           0  0.54s           2025-04-10T18:53:14                      34
/opt/airflow/dags/create_sql_tables.py                                     1           0  0.52s           2025-04-10T18:53:12                      34
/opt/airflow/dags/delete_data_from_sql_tables.py                           1           0  0.51s           2025-04-10T18:53:12                      32
================================================================================
[2025-04-10T18:54:02.060+0000] {manager.py:997} INFO - 
================================================================================
DAG File Processing Stats

File Path                                         PID    Runtime      # DAGs    # Errors  Last Runtime    Last Run               Last # of DB Queries
------------------------------------------------  -----  ---------  --------  ----------  --------------  -------------------  ----------------------
/opt/airflow/dags/etl_users.py                                             1           0  1.83s           2025-04-10T18:53:35                      34
/opt/airflow/dags/delete_data_from_sql_tables.py                           1           0  0.58s           2025-04-10T18:53:43                      32
/opt/airflow/dags/create_sql_tables.py                                     1           0  0.58s           2025-04-10T18:53:43                      34
/opt/airflow/dags/etl_books.py                                             1           0  0.57s           2025-04-10T18:53:45                      34
/opt/airflow/dags/etl_ratings.py                                           1           0  0.52s           2025-04-10T18:53:45                      34
================================================================================
[2025-04-10T18:54:32.293+0000] {manager.py:997} INFO - 
================================================================================
DAG File Processing Stats

File Path                                         PID    Runtime      # DAGs    # Errors  Last Runtime    Last Run               Last # of DB Queries
------------------------------------------------  -----  ---------  --------  ----------  --------------  -------------------  ----------------------
/opt/airflow/dags/etl_users.py                                             1           0  1.53s           2025-04-10T18:54:07                      34
/opt/airflow/dags/delete_data_from_sql_tables.py                           1           0  0.58s           2025-04-10T18:54:14                      32
/opt/airflow/dags/create_sql_tables.py                                     1           0  0.57s           2025-04-10T18:54:14                      34
/opt/airflow/dags/etl_books.py                                             1           0  0.54s           2025-04-10T18:54:15                      34
/opt/airflow/dags/etl_ratings.py                                           1           0  0.53s           2025-04-10T18:54:15                      34
================================================================================
[2025-04-10T18:55:02.322+0000] {manager.py:997} INFO - 
================================================================================
DAG File Processing Stats

File Path                                         PID    Runtime      # DAGs    # Errors  Last Runtime    Last Run               Last # of DB Queries
------------------------------------------------  -----  ---------  --------  ----------  --------------  -------------------  ----------------------
/opt/airflow/dags/etl_users.py                                             1           0  1.51s           2025-04-10T18:54:39                      34
/opt/airflow/dags/etl_ratings.py                                           1           0  0.82s           2025-04-10T18:54:47                      34
/opt/airflow/dags/etl_books.py                                             1           0  0.82s           2025-04-10T18:54:46                      34
/opt/airflow/dags/create_sql_tables.py                                     1           0  0.79s           2025-04-10T18:54:45                      34
/opt/airflow/dags/delete_data_from_sql_tables.py                           1           0  0.53s           2025-04-10T18:54:45                      32
================================================================================
[2025-04-10T18:55:32.868+0000] {manager.py:997} INFO - 
================================================================================
DAG File Processing Stats

File Path                                         PID    Runtime      # DAGs    # Errors  Last Runtime    Last Run               Last # of DB Queries
------------------------------------------------  -----  ---------  --------  ----------  --------------  -------------------  ----------------------
/opt/airflow/dags/etl_users.py                                             1           0  1.48s           2025-04-10T18:55:10                      34
/opt/airflow/dags/delete_data_from_sql_tables.py                           1           0  1.10s           2025-04-10T18:55:16                      32
/opt/airflow/dags/create_sql_tables.py                                     1           0  1.09s           2025-04-10T18:55:16                      34
/opt/airflow/dags/etl_ratings.py                                           1           0  0.78s           2025-04-10T18:55:18                      34
/opt/airflow/dags/etl_books.py                                             1           0  0.77s           2025-04-10T18:55:18                      34
================================================================================
[2025-04-10T18:55:57.708+0000] {manager.py:821} INFO - Searching for files in /opt/airflow/dags
[2025-04-10T18:55:57.946+0000] {manager.py:824} INFO - There are 5 files in /opt/airflow/dags
[2025-04-10T18:56:03.090+0000] {manager.py:997} INFO - 
================================================================================
DAG File Processing Stats

File Path                                         PID    Runtime      # DAGs    # Errors  Last Runtime    Last Run               Last # of DB Queries
------------------------------------------------  -----  ---------  --------  ----------  --------------  -------------------  ----------------------
/opt/airflow/dags/etl_users.py                                             1           0  1.40s           2025-04-10T18:55:42                      34
/opt/airflow/dags/create_sql_tables.py                                     1           0  0.66s           2025-04-10T18:55:47                      34
/opt/airflow/dags/delete_data_from_sql_tables.py                           1           0  0.64s           2025-04-10T18:55:47                      32
/opt/airflow/dags/etl_ratings.py                                           1           0  0.56s           2025-04-10T18:55:49                      34
/opt/airflow/dags/etl_books.py                                             1           0  0.55s           2025-04-10T18:55:49                      34
================================================================================
[2025-04-10T18:56:34.077+0000] {manager.py:997} INFO - 
================================================================================
DAG File Processing Stats

File Path                                         PID    Runtime      # DAGs    # Errors  Last Runtime    Last Run               Last # of DB Queries
------------------------------------------------  -----  ---------  --------  ----------  --------------  -------------------  ----------------------
/opt/airflow/dags/etl_users.py                                             1           0  1.35s           2025-04-10T18:56:14                      34
/opt/airflow/dags/etl_books.py                                             1           0  0.62s           2025-04-10T18:56:20                      34
/opt/airflow/dags/etl_ratings.py                                           1           0  0.61s           2025-04-10T18:56:20                      34
/opt/airflow/dags/delete_data_from_sql_tables.py                           1           0  0.55s           2025-04-10T18:56:19                      32
/opt/airflow/dags/create_sql_tables.py                                     1           0  0.54s           2025-04-10T18:56:19                      34
================================================================================
[2025-04-10T18:57:04.213+0000] {manager.py:997} INFO - 
================================================================================
DAG File Processing Stats

File Path                                         PID    Runtime      # DAGs    # Errors  Last Runtime    Last Run               Last # of DB Queries
------------------------------------------------  -----  ---------  --------  ----------  --------------  -------------------  ----------------------
/opt/airflow/dags/etl_users.py                                             1           0  1.79s           2025-04-10T18:56:47                      34
/opt/airflow/dags/etl_books.py                                             1           0  0.65s           2025-04-10T18:56:51                      34
/opt/airflow/dags/etl_ratings.py                                           1           0  0.61s           2025-04-10T18:56:51                      34
/opt/airflow/dags/create_sql_tables.py                                     1           0  0.60s           2025-04-10T18:56:49                      34
/opt/airflow/dags/delete_data_from_sql_tables.py                           1           0  0.54s           2025-04-10T18:56:49                      32
================================================================================
[2025-04-10T18:57:34.952+0000] {manager.py:997} INFO - 
================================================================================
DAG File Processing Stats

File Path                                         PID    Runtime      # DAGs    # Errors  Last Runtime    Last Run               Last # of DB Queries
------------------------------------------------  -----  ---------  --------  ----------  --------------  -------------------  ----------------------
/opt/airflow/dags/etl_users.py                                             1           0  1.70s           2025-04-10T18:57:19                      34
/opt/airflow/dags/create_sql_tables.py                                     1           0  0.87s           2025-04-10T18:57:21                      34
/opt/airflow/dags/etl_books.py                                             1           0  0.81s           2025-04-10T18:57:22                      34
/opt/airflow/dags/etl_ratings.py                                           1           0  0.81s           2025-04-10T18:57:22                      34
/opt/airflow/dags/delete_data_from_sql_tables.py                           1           0  0.56s           2025-04-10T18:57:20                      32
================================================================================
[2025-04-10T18:58:05.062+0000] {manager.py:997} INFO - 
================================================================================
DAG File Processing Stats

File Path                                         PID    Runtime      # DAGs    # Errors  Last Runtime    Last Run               Last # of DB Queries
------------------------------------------------  -----  ---------  --------  ----------  --------------  -------------------  ----------------------
/opt/airflow/dags/etl_users.py                                             1           0  1.49s           2025-04-10T18:57:50                      34
/opt/airflow/dags/etl_books.py                                             1           0  1.06s           2025-04-10T18:57:53                      34
/opt/airflow/dags/etl_ratings.py                                           1           0  0.96s           2025-04-10T18:57:53                      34
/opt/airflow/dags/create_sql_tables.py                                     1           0  0.92s           2025-04-10T18:57:52                      34
/opt/airflow/dags/delete_data_from_sql_tables.py                           1           0  0.85s           2025-04-10T18:57:51                      32
================================================================================
[2025-04-10T18:58:35.154+0000] {manager.py:997} INFO - 
================================================================================
DAG File Processing Stats

File Path                                         PID    Runtime      # DAGs    # Errors  Last Runtime    Last Run               Last # of DB Queries
------------------------------------------------  -----  ---------  --------  ----------  --------------  -------------------  ----------------------
/opt/airflow/dags/etl_users.py                                             1           0  1.63s           2025-04-10T18:58:23                      34
/opt/airflow/dags/delete_data_from_sql_tables.py                           1           0  1.00s           2025-04-10T18:58:23                      32
/opt/airflow/dags/create_sql_tables.py                                     1           0  0.91s           2025-04-10T18:58:24                      34
/opt/airflow/dags/etl_ratings.py                                           1           0  0.84s           2025-04-10T18:58:24                      34
/opt/airflow/dags/etl_books.py                                             1           0  0.76s           2025-04-10T18:58:24                      34
================================================================================
[2025-04-10T18:59:05.284+0000] {manager.py:997} INFO - 
================================================================================
DAG File Processing Stats

File Path                                         PID    Runtime      # DAGs    # Errors  Last Runtime    Last Run               Last # of DB Queries
------------------------------------------------  -----  ---------  --------  ----------  --------------  -------------------  ----------------------
/opt/airflow/dags/etl_users.py                                             1           0  1.53s           2025-04-10T18:58:54                      34
/opt/airflow/dags/create_sql_tables.py                                     1           0  0.58s           2025-04-10T18:58:54                      34
/opt/airflow/dags/delete_data_from_sql_tables.py                           1           0  0.57s           2025-04-10T18:58:54                      32
/opt/airflow/dags/etl_books.py                                             1           0  0.56s           2025-04-10T18:58:55                      34
/opt/airflow/dags/etl_ratings.py                                           1           0  0.51s           2025-04-10T18:58:55                      34
================================================================================
[2025-04-10T18:59:13.205+0000] {manager.py:465} INFO - Exiting gracefully upon receiving signal 15
