[2025-04-10T18:49:57.731+0000] {local_task_job_runner.py:123} INFO - ::group::Pre task execution logs
[2025-04-10T18:49:57.804+0000] {taskinstance.py:2614} INFO - Dependencies all met for dep_context=non-requeueable deps ti=<TaskInstance: delete_table_data.delete_data_task_books manual__2025-04-10T18:49:50.375578+00:00 [queued]>
[2025-04-10T18:49:57.841+0000] {taskinstance.py:2614} INFO - Dependencies all met for dep_context=requeueable deps ti=<TaskInstance: delete_table_data.delete_data_task_books manual__2025-04-10T18:49:50.375578+00:00 [queued]>
[2025-04-10T18:49:57.843+0000] {taskinstance.py:2867} INFO - Starting attempt 1 of 2
[2025-04-10T18:49:57.886+0000] {taskinstance.py:2890} INFO - Executing <Task(SQLExecuteQueryOperator): delete_data_task_books> on 2025-04-10 18:49:50.375578+00:00
[2025-04-10T18:49:57.898+0000] {warnings.py:112} WARNING - /home/***/.local/lib/python3.12/site-packages/***/task/task_runner/standard_task_runner.py:70: DeprecationWarning: This process (pid=110) is multi-threaded, use of fork() may lead to deadlocks in the child.
  pid = os.fork()

[2025-04-10T18:49:57.905+0000] {standard_task_runner.py:72} INFO - Started process 112 to run task
[2025-04-10T18:49:57.904+0000] {standard_task_runner.py:104} INFO - Running: ['***', 'tasks', 'run', 'delete_table_data', 'delete_data_task_books', 'manual__2025-04-10T18:49:50.375578+00:00', '--job-id', '80', '--raw', '--subdir', 'DAGS_FOLDER/delete_data_from_sql_tables.py', '--cfg-path', '/tmp/tmpqaxs_392']
[2025-04-10T18:49:57.907+0000] {standard_task_runner.py:105} INFO - Job 80: Subtask delete_data_task_books
[2025-04-10T18:49:58.049+0000] {task_command.py:467} INFO - Running <TaskInstance: delete_table_data.delete_data_task_books manual__2025-04-10T18:49:50.375578+00:00 [running]> on host 721ac7e631a9
[2025-04-10T18:49:58.396+0000] {taskinstance.py:3134} INFO - Exporting env vars: AIRFLOW_CTX_DAG_OWNER='azizjon' AIRFLOW_CTX_DAG_ID='delete_table_data' AIRFLOW_CTX_TASK_ID='delete_data_task_books' AIRFLOW_CTX_EXECUTION_DATE='2025-04-10T18:49:50.375578+00:00' AIRFLOW_CTX_TRY_NUMBER='1' AIRFLOW_CTX_DAG_RUN_ID='manual__2025-04-10T18:49:50.375578+00:00'
[2025-04-10T18:49:58.400+0000] {taskinstance.py:732} INFO - ::endgroup::
[2025-04-10T18:49:58.474+0000] {sql.py:295} INFO - Executing: 
            DELETE FROM books;
        
[2025-04-10T18:49:58.508+0000] {base.py:84} INFO - Retrieving connection 'postgres_localhost'
[2025-04-10T18:49:58.539+0000] {base.py:84} INFO - Retrieving connection 'postgres_localhost'
[2025-04-10T18:49:58.571+0000] {sql.py:511} INFO - Running statement: 
            DELETE FROM books;
        , parameters: None
[2025-04-10T18:49:58.586+0000] {sql.py:520} INFO - Rows affected: 0
[2025-04-10T18:49:58.589+0000] {warnings.py:112} WARNING - /home/***/.local/lib/python3.12/site-packages/***/providers/common/sql/hooks/sql.py:470: DeprecationWarning: Import of fetch_all_handler from the '***.providers.common.sql.hooks' module is deprecated and will
be removed in the future. Please import it from '***.providers.common.sql.hooks.handlers'.
  result = self._make_common_data_structure(handler(cur))

[2025-04-10T18:49:58.591+0000] {warnings.py:112} WARNING - /home/***/.local/lib/python3.12/site-packages/***/providers/common/sql/hooks/sql.py:471: DeprecationWarning: Import of return_single_query_results from the '***.providers.common.sql.hooks' module is deprecated and will
be removed in the future. Please import it from '***.providers.common.sql.hooks.handlers'.
  if return_single_query_results(sql, return_last, split_statements):

[2025-04-10T18:49:58.598+0000] {warnings.py:112} WARNING - /home/***/.local/lib/python3.12/site-packages/***/providers/common/sql/hooks/sql.py:486: DeprecationWarning: Import of return_single_query_results from the '***.providers.common.sql.hooks' module is deprecated and will
be removed in the future. Please import it from '***.providers.common.sql.hooks.handlers'.
  if return_single_query_results(sql, return_last, split_statements):

[2025-04-10T18:49:58.601+0000] {warnings.py:112} WARNING - /home/***/.local/lib/python3.12/site-packages/***/providers/common/sql/operators/sql.py:311: DeprecationWarning: Import of return_single_query_results from the '***.providers.common.sql.hooks' module is deprecated and will
be removed in the future. Please import it from '***.providers.common.sql.hooks.handlers'.
  if return_single_query_results(self.sql, self.return_last, self.split_statements):

[2025-04-10T18:49:58.626+0000] {taskinstance.py:341} INFO - ::group::Post task execution logs
[2025-04-10T18:49:58.627+0000] {taskinstance.py:353} INFO - Marking task as SUCCESS. dag_id=delete_table_data, task_id=delete_data_task_books, run_id=manual__2025-04-10T18:49:50.375578+00:00, execution_date=20250410T184950, start_date=20250410T184957, end_date=20250410T184958
[2025-04-10T18:49:58.730+0000] {local_task_job_runner.py:266} INFO - Task exited with return code 0
[2025-04-10T18:49:58.765+0000] {taskinstance.py:3901} INFO - 0 downstream tasks scheduled from follow-on schedule check
[2025-04-10T18:49:58.769+0000] {local_task_job_runner.py:245} INFO - ::endgroup::
