[2025-04-10T18:45:57.359+0000] {processor.py:186} INFO - Started process (PID=45) to work on /opt/airflow/dags/create_sql_tables.py
[2025-04-10T18:45:57.363+0000] {processor.py:914} INFO - Processing file /opt/airflow/dags/create_sql_tables.py for tasks to queue
[2025-04-10T18:45:57.372+0000] {logging_mixin.py:190} INFO - [2025-04-10T18:45:57.371+0000] {dagbag.py:588} INFO - Filling up the DagBag from /opt/airflow/dags/create_sql_tables.py
[2025-04-10T18:45:57.443+0000] {processor.py:925} INFO - DAG(s) 'create_table_if_not_exist' retrieved from /opt/airflow/dags/create_sql_tables.py
[2025-04-10T18:45:57.957+0000] {logging_mixin.py:190} INFO - [2025-04-10T18:45:57.956+0000] {dag.py:3239} INFO - Sync 1 DAGs
[2025-04-10T18:45:58.031+0000] {logging_mixin.py:190} INFO - [2025-04-10T18:45:58.030+0000] {dag.py:4180} INFO - Setting next_dagrun for create_table_if_not_exist to None, run_after=None
[2025-04-10T18:45:58.094+0000] {processor.py:208} INFO - Processing /opt/airflow/dags/create_sql_tables.py took 0.757 seconds
[2025-04-10T18:46:28.832+0000] {processor.py:186} INFO - Started process (PID=58) to work on /opt/airflow/dags/create_sql_tables.py
[2025-04-10T18:46:28.836+0000] {processor.py:914} INFO - Processing file /opt/airflow/dags/create_sql_tables.py for tasks to queue
[2025-04-10T18:46:28.844+0000] {logging_mixin.py:190} INFO - [2025-04-10T18:46:28.843+0000] {dagbag.py:588} INFO - Filling up the DagBag from /opt/airflow/dags/create_sql_tables.py
[2025-04-10T18:46:28.901+0000] {processor.py:925} INFO - DAG(s) 'create_table_if_not_exist' retrieved from /opt/airflow/dags/create_sql_tables.py
[2025-04-10T18:46:29.218+0000] {logging_mixin.py:190} INFO - [2025-04-10T18:46:29.217+0000] {dag.py:3239} INFO - Sync 1 DAGs
[2025-04-10T18:46:29.273+0000] {logging_mixin.py:190} INFO - [2025-04-10T18:46:29.273+0000] {dag.py:4180} INFO - Setting next_dagrun for create_table_if_not_exist to None, run_after=None
[2025-04-10T18:46:29.322+0000] {processor.py:208} INFO - Processing /opt/airflow/dags/create_sql_tables.py took 0.512 seconds
[2025-04-10T18:47:00.407+0000] {processor.py:186} INFO - Started process (PID=70) to work on /opt/airflow/dags/create_sql_tables.py
[2025-04-10T18:47:00.411+0000] {processor.py:914} INFO - Processing file /opt/airflow/dags/create_sql_tables.py for tasks to queue
[2025-04-10T18:47:00.418+0000] {logging_mixin.py:190} INFO - [2025-04-10T18:47:00.417+0000] {dagbag.py:588} INFO - Filling up the DagBag from /opt/airflow/dags/create_sql_tables.py
[2025-04-10T18:47:00.485+0000] {processor.py:925} INFO - DAG(s) 'create_table_if_not_exist' retrieved from /opt/airflow/dags/create_sql_tables.py
[2025-04-10T18:47:00.830+0000] {logging_mixin.py:190} INFO - [2025-04-10T18:47:00.829+0000] {dag.py:3239} INFO - Sync 1 DAGs
[2025-04-10T18:47:00.893+0000] {logging_mixin.py:190} INFO - [2025-04-10T18:47:00.892+0000] {dag.py:4180} INFO - Setting next_dagrun for create_table_if_not_exist to None, run_after=None
[2025-04-10T18:47:00.942+0000] {processor.py:208} INFO - Processing /opt/airflow/dags/create_sql_tables.py took 0.557 seconds
[2025-04-10T18:47:31.363+0000] {processor.py:186} INFO - Started process (PID=82) to work on /opt/airflow/dags/create_sql_tables.py
[2025-04-10T18:47:31.366+0000] {processor.py:914} INFO - Processing file /opt/airflow/dags/create_sql_tables.py for tasks to queue
[2025-04-10T18:47:31.375+0000] {logging_mixin.py:190} INFO - [2025-04-10T18:47:31.374+0000] {dagbag.py:588} INFO - Filling up the DagBag from /opt/airflow/dags/create_sql_tables.py
[2025-04-10T18:47:31.447+0000] {processor.py:925} INFO - DAG(s) 'create_table_if_not_exist' retrieved from /opt/airflow/dags/create_sql_tables.py
[2025-04-10T18:47:31.810+0000] {logging_mixin.py:190} INFO - [2025-04-10T18:47:31.810+0000] {dag.py:3239} INFO - Sync 1 DAGs
[2025-04-10T18:47:31.935+0000] {logging_mixin.py:190} INFO - [2025-04-10T18:47:31.934+0000] {dag.py:4180} INFO - Setting next_dagrun for create_table_if_not_exist to None, run_after=None
[2025-04-10T18:47:32.065+0000] {processor.py:208} INFO - Processing /opt/airflow/dags/create_sql_tables.py took 0.724 seconds
[2025-04-10T18:48:02.602+0000] {processor.py:186} INFO - Started process (PID=94) to work on /opt/airflow/dags/create_sql_tables.py
[2025-04-10T18:48:02.604+0000] {processor.py:914} INFO - Processing file /opt/airflow/dags/create_sql_tables.py for tasks to queue
[2025-04-10T18:48:02.610+0000] {logging_mixin.py:190} INFO - [2025-04-10T18:48:02.609+0000] {dagbag.py:588} INFO - Filling up the DagBag from /opt/airflow/dags/create_sql_tables.py
[2025-04-10T18:48:02.654+0000] {processor.py:925} INFO - DAG(s) 'create_table_if_not_exist' retrieved from /opt/airflow/dags/create_sql_tables.py
[2025-04-10T18:48:02.942+0000] {logging_mixin.py:190} INFO - [2025-04-10T18:48:02.941+0000] {dag.py:3239} INFO - Sync 1 DAGs
[2025-04-10T18:48:02.995+0000] {logging_mixin.py:190} INFO - [2025-04-10T18:48:02.994+0000] {dag.py:4180} INFO - Setting next_dagrun for create_table_if_not_exist to None, run_after=None
[2025-04-10T18:48:03.047+0000] {processor.py:208} INFO - Processing /opt/airflow/dags/create_sql_tables.py took 0.458 seconds
[2025-04-10T18:48:33.350+0000] {processor.py:186} INFO - Started process (PID=106) to work on /opt/airflow/dags/create_sql_tables.py
[2025-04-10T18:48:33.352+0000] {processor.py:914} INFO - Processing file /opt/airflow/dags/create_sql_tables.py for tasks to queue
[2025-04-10T18:48:33.358+0000] {logging_mixin.py:190} INFO - [2025-04-10T18:48:33.358+0000] {dagbag.py:588} INFO - Filling up the DagBag from /opt/airflow/dags/create_sql_tables.py
[2025-04-10T18:48:33.407+0000] {processor.py:925} INFO - DAG(s) 'create_table_if_not_exist' retrieved from /opt/airflow/dags/create_sql_tables.py
[2025-04-10T18:48:33.760+0000] {logging_mixin.py:190} INFO - [2025-04-10T18:48:33.759+0000] {dag.py:3239} INFO - Sync 1 DAGs
[2025-04-10T18:48:33.824+0000] {logging_mixin.py:190} INFO - [2025-04-10T18:48:33.824+0000] {dag.py:4180} INFO - Setting next_dagrun for create_table_if_not_exist to None, run_after=None
[2025-04-10T18:48:33.893+0000] {processor.py:208} INFO - Processing /opt/airflow/dags/create_sql_tables.py took 0.558 seconds
[2025-04-10T18:49:04.237+0000] {processor.py:186} INFO - Started process (PID=118) to work on /opt/airflow/dags/create_sql_tables.py
[2025-04-10T18:49:04.241+0000] {processor.py:914} INFO - Processing file /opt/airflow/dags/create_sql_tables.py for tasks to queue
[2025-04-10T18:49:04.249+0000] {logging_mixin.py:190} INFO - [2025-04-10T18:49:04.249+0000] {dagbag.py:588} INFO - Filling up the DagBag from /opt/airflow/dags/create_sql_tables.py
[2025-04-10T18:49:04.302+0000] {processor.py:925} INFO - DAG(s) 'create_table_if_not_exist' retrieved from /opt/airflow/dags/create_sql_tables.py
[2025-04-10T18:49:04.661+0000] {logging_mixin.py:190} INFO - [2025-04-10T18:49:04.660+0000] {dag.py:3239} INFO - Sync 1 DAGs
[2025-04-10T18:49:04.737+0000] {logging_mixin.py:190} INFO - [2025-04-10T18:49:04.737+0000] {dag.py:4180} INFO - Setting next_dagrun for create_table_if_not_exist to None, run_after=None
[2025-04-10T18:49:05.115+0000] {processor.py:208} INFO - Processing /opt/airflow/dags/create_sql_tables.py took 0.892 seconds
[2025-04-10T18:49:35.550+0000] {processor.py:186} INFO - Started process (PID=130) to work on /opt/airflow/dags/create_sql_tables.py
[2025-04-10T18:49:35.554+0000] {processor.py:914} INFO - Processing file /opt/airflow/dags/create_sql_tables.py for tasks to queue
[2025-04-10T18:49:35.565+0000] {logging_mixin.py:190} INFO - [2025-04-10T18:49:35.564+0000] {dagbag.py:588} INFO - Filling up the DagBag from /opt/airflow/dags/create_sql_tables.py
[2025-04-10T18:49:35.618+0000] {processor.py:925} INFO - DAG(s) 'create_table_if_not_exist' retrieved from /opt/airflow/dags/create_sql_tables.py
[2025-04-10T18:49:35.979+0000] {logging_mixin.py:190} INFO - [2025-04-10T18:49:35.978+0000] {dag.py:3239} INFO - Sync 1 DAGs
[2025-04-10T18:49:36.310+0000] {logging_mixin.py:190} INFO - [2025-04-10T18:49:36.309+0000] {dag.py:4180} INFO - Setting next_dagrun for create_table_if_not_exist to None, run_after=None
[2025-04-10T18:49:36.375+0000] {processor.py:208} INFO - Processing /opt/airflow/dags/create_sql_tables.py took 0.848 seconds
[2025-04-10T18:50:06.663+0000] {processor.py:186} INFO - Started process (PID=146) to work on /opt/airflow/dags/create_sql_tables.py
[2025-04-10T18:50:06.666+0000] {processor.py:914} INFO - Processing file /opt/airflow/dags/create_sql_tables.py for tasks to queue
[2025-04-10T18:50:06.671+0000] {logging_mixin.py:190} INFO - [2025-04-10T18:50:06.670+0000] {dagbag.py:588} INFO - Filling up the DagBag from /opt/airflow/dags/create_sql_tables.py
[2025-04-10T18:50:06.711+0000] {processor.py:925} INFO - DAG(s) 'create_table_if_not_exist' retrieved from /opt/airflow/dags/create_sql_tables.py
[2025-04-10T18:50:06.971+0000] {logging_mixin.py:190} INFO - [2025-04-10T18:50:06.971+0000] {dag.py:3239} INFO - Sync 1 DAGs
[2025-04-10T18:50:07.020+0000] {logging_mixin.py:190} INFO - [2025-04-10T18:50:07.020+0000] {dag.py:4180} INFO - Setting next_dagrun for create_table_if_not_exist to None, run_after=None
[2025-04-10T18:50:07.077+0000] {processor.py:208} INFO - Processing /opt/airflow/dags/create_sql_tables.py took 0.427 seconds
[2025-04-10T18:50:37.256+0000] {processor.py:186} INFO - Started process (PID=162) to work on /opt/airflow/dags/create_sql_tables.py
[2025-04-10T18:50:37.259+0000] {processor.py:914} INFO - Processing file /opt/airflow/dags/create_sql_tables.py for tasks to queue
[2025-04-10T18:50:37.264+0000] {logging_mixin.py:190} INFO - [2025-04-10T18:50:37.263+0000] {dagbag.py:588} INFO - Filling up the DagBag from /opt/airflow/dags/create_sql_tables.py
[2025-04-10T18:50:37.304+0000] {processor.py:925} INFO - DAG(s) 'create_table_if_not_exist' retrieved from /opt/airflow/dags/create_sql_tables.py
[2025-04-10T18:50:37.571+0000] {logging_mixin.py:190} INFO - [2025-04-10T18:50:37.571+0000] {dag.py:3239} INFO - Sync 1 DAGs
[2025-04-10T18:50:37.617+0000] {logging_mixin.py:190} INFO - [2025-04-10T18:50:37.616+0000] {dag.py:4180} INFO - Setting next_dagrun for create_table_if_not_exist to None, run_after=None
[2025-04-10T18:50:37.666+0000] {processor.py:208} INFO - Processing /opt/airflow/dags/create_sql_tables.py took 0.423 seconds
[2025-04-10T18:51:07.988+0000] {processor.py:186} INFO - Started process (PID=174) to work on /opt/airflow/dags/create_sql_tables.py
[2025-04-10T18:51:07.991+0000] {processor.py:914} INFO - Processing file /opt/airflow/dags/create_sql_tables.py for tasks to queue
[2025-04-10T18:51:07.998+0000] {logging_mixin.py:190} INFO - [2025-04-10T18:51:07.997+0000] {dagbag.py:588} INFO - Filling up the DagBag from /opt/airflow/dags/create_sql_tables.py
[2025-04-10T18:51:08.049+0000] {processor.py:925} INFO - DAG(s) 'create_table_if_not_exist' retrieved from /opt/airflow/dags/create_sql_tables.py
[2025-04-10T18:51:08.415+0000] {logging_mixin.py:190} INFO - [2025-04-10T18:51:08.415+0000] {dag.py:3239} INFO - Sync 1 DAGs
[2025-04-10T18:51:08.481+0000] {logging_mixin.py:190} INFO - [2025-04-10T18:51:08.480+0000] {dag.py:4180} INFO - Setting next_dagrun for create_table_if_not_exist to None, run_after=None
[2025-04-10T18:51:08.542+0000] {processor.py:208} INFO - Processing /opt/airflow/dags/create_sql_tables.py took 0.569 seconds
[2025-04-10T18:51:38.849+0000] {processor.py:186} INFO - Started process (PID=186) to work on /opt/airflow/dags/create_sql_tables.py
[2025-04-10T18:51:38.854+0000] {processor.py:914} INFO - Processing file /opt/airflow/dags/create_sql_tables.py for tasks to queue
[2025-04-10T18:51:38.866+0000] {logging_mixin.py:190} INFO - [2025-04-10T18:51:38.865+0000] {dagbag.py:588} INFO - Filling up the DagBag from /opt/airflow/dags/create_sql_tables.py
[2025-04-10T18:51:38.955+0000] {processor.py:925} INFO - DAG(s) 'create_table_if_not_exist' retrieved from /opt/airflow/dags/create_sql_tables.py
[2025-04-10T18:51:39.419+0000] {logging_mixin.py:190} INFO - [2025-04-10T18:51:39.418+0000] {dag.py:3239} INFO - Sync 1 DAGs
[2025-04-10T18:51:39.513+0000] {logging_mixin.py:190} INFO - [2025-04-10T18:51:39.513+0000] {dag.py:4180} INFO - Setting next_dagrun for create_table_if_not_exist to None, run_after=None
[2025-04-10T18:51:39.948+0000] {processor.py:208} INFO - Processing /opt/airflow/dags/create_sql_tables.py took 1.121 seconds
[2025-04-10T18:52:10.279+0000] {processor.py:186} INFO - Started process (PID=198) to work on /opt/airflow/dags/create_sql_tables.py
[2025-04-10T18:52:10.281+0000] {processor.py:914} INFO - Processing file /opt/airflow/dags/create_sql_tables.py for tasks to queue
[2025-04-10T18:52:10.288+0000] {logging_mixin.py:190} INFO - [2025-04-10T18:52:10.287+0000] {dagbag.py:588} INFO - Filling up the DagBag from /opt/airflow/dags/create_sql_tables.py
[2025-04-10T18:52:10.332+0000] {processor.py:925} INFO - DAG(s) 'create_table_if_not_exist' retrieved from /opt/airflow/dags/create_sql_tables.py
[2025-04-10T18:52:10.647+0000] {logging_mixin.py:190} INFO - [2025-04-10T18:52:10.646+0000] {dag.py:3239} INFO - Sync 1 DAGs
[2025-04-10T18:52:11.018+0000] {logging_mixin.py:190} INFO - [2025-04-10T18:52:11.017+0000] {dag.py:4180} INFO - Setting next_dagrun for create_table_if_not_exist to None, run_after=None
[2025-04-10T18:52:11.075+0000] {processor.py:208} INFO - Processing /opt/airflow/dags/create_sql_tables.py took 0.813 seconds
[2025-04-10T18:52:41.236+0000] {processor.py:186} INFO - Started process (PID=210) to work on /opt/airflow/dags/create_sql_tables.py
[2025-04-10T18:52:41.239+0000] {processor.py:914} INFO - Processing file /opt/airflow/dags/create_sql_tables.py for tasks to queue
[2025-04-10T18:52:41.247+0000] {logging_mixin.py:190} INFO - [2025-04-10T18:52:41.246+0000] {dagbag.py:588} INFO - Filling up the DagBag from /opt/airflow/dags/create_sql_tables.py
[2025-04-10T18:52:41.292+0000] {processor.py:925} INFO - DAG(s) 'create_table_if_not_exist' retrieved from /opt/airflow/dags/create_sql_tables.py
[2025-04-10T18:52:41.593+0000] {logging_mixin.py:190} INFO - [2025-04-10T18:52:41.592+0000] {dag.py:3239} INFO - Sync 1 DAGs
[2025-04-10T18:52:41.952+0000] {logging_mixin.py:190} INFO - [2025-04-10T18:52:41.951+0000] {dag.py:4180} INFO - Setting next_dagrun for create_table_if_not_exist to None, run_after=None
[2025-04-10T18:52:42.028+0000] {processor.py:208} INFO - Processing /opt/airflow/dags/create_sql_tables.py took 0.807 seconds
[2025-04-10T18:53:12.425+0000] {processor.py:186} INFO - Started process (PID=222) to work on /opt/airflow/dags/create_sql_tables.py
[2025-04-10T18:53:12.428+0000] {processor.py:914} INFO - Processing file /opt/airflow/dags/create_sql_tables.py for tasks to queue
[2025-04-10T18:53:12.433+0000] {logging_mixin.py:190} INFO - [2025-04-10T18:53:12.433+0000] {dagbag.py:588} INFO - Filling up the DagBag from /opt/airflow/dags/create_sql_tables.py
[2025-04-10T18:53:12.480+0000] {processor.py:925} INFO - DAG(s) 'create_table_if_not_exist' retrieved from /opt/airflow/dags/create_sql_tables.py
[2025-04-10T18:53:12.788+0000] {logging_mixin.py:190} INFO - [2025-04-10T18:53:12.788+0000] {dag.py:3239} INFO - Sync 1 DAGs
[2025-04-10T18:53:12.837+0000] {logging_mixin.py:190} INFO - [2025-04-10T18:53:12.837+0000] {dag.py:4180} INFO - Setting next_dagrun for create_table_if_not_exist to None, run_after=None
[2025-04-10T18:53:12.887+0000] {processor.py:208} INFO - Processing /opt/airflow/dags/create_sql_tables.py took 0.477 seconds
[2025-04-10T18:53:43.087+0000] {processor.py:186} INFO - Started process (PID=233) to work on /opt/airflow/dags/create_sql_tables.py
[2025-04-10T18:53:43.090+0000] {processor.py:914} INFO - Processing file /opt/airflow/dags/create_sql_tables.py for tasks to queue
[2025-04-10T18:53:43.097+0000] {logging_mixin.py:190} INFO - [2025-04-10T18:53:43.096+0000] {dagbag.py:588} INFO - Filling up the DagBag from /opt/airflow/dags/create_sql_tables.py
[2025-04-10T18:53:43.156+0000] {processor.py:925} INFO - DAG(s) 'create_table_if_not_exist' retrieved from /opt/airflow/dags/create_sql_tables.py
[2025-04-10T18:53:43.481+0000] {logging_mixin.py:190} INFO - [2025-04-10T18:53:43.481+0000] {dag.py:3239} INFO - Sync 1 DAGs
[2025-04-10T18:53:43.535+0000] {logging_mixin.py:190} INFO - [2025-04-10T18:53:43.534+0000] {dag.py:4180} INFO - Setting next_dagrun for create_table_if_not_exist to None, run_after=None
[2025-04-10T18:53:43.589+0000] {processor.py:208} INFO - Processing /opt/airflow/dags/create_sql_tables.py took 0.521 seconds
[2025-04-10T18:54:13.933+0000] {processor.py:186} INFO - Started process (PID=245) to work on /opt/airflow/dags/create_sql_tables.py
[2025-04-10T18:54:13.935+0000] {processor.py:914} INFO - Processing file /opt/airflow/dags/create_sql_tables.py for tasks to queue
[2025-04-10T18:54:13.941+0000] {logging_mixin.py:190} INFO - [2025-04-10T18:54:13.940+0000] {dagbag.py:588} INFO - Filling up the DagBag from /opt/airflow/dags/create_sql_tables.py
[2025-04-10T18:54:13.994+0000] {processor.py:925} INFO - DAG(s) 'create_table_if_not_exist' retrieved from /opt/airflow/dags/create_sql_tables.py
[2025-04-10T18:54:14.328+0000] {logging_mixin.py:190} INFO - [2025-04-10T18:54:14.327+0000] {dag.py:3239} INFO - Sync 1 DAGs
[2025-04-10T18:54:14.379+0000] {logging_mixin.py:190} INFO - [2025-04-10T18:54:14.378+0000] {dag.py:4180} INFO - Setting next_dagrun for create_table_if_not_exist to None, run_after=None
[2025-04-10T18:54:14.436+0000] {processor.py:208} INFO - Processing /opt/airflow/dags/create_sql_tables.py took 0.516 seconds
[2025-04-10T18:54:44.633+0000] {processor.py:186} INFO - Started process (PID=257) to work on /opt/airflow/dags/create_sql_tables.py
[2025-04-10T18:54:44.635+0000] {processor.py:914} INFO - Processing file /opt/airflow/dags/create_sql_tables.py for tasks to queue
[2025-04-10T18:54:44.641+0000] {logging_mixin.py:190} INFO - [2025-04-10T18:54:44.640+0000] {dagbag.py:588} INFO - Filling up the DagBag from /opt/airflow/dags/create_sql_tables.py
[2025-04-10T18:54:44.686+0000] {processor.py:925} INFO - DAG(s) 'create_table_if_not_exist' retrieved from /opt/airflow/dags/create_sql_tables.py
[2025-04-10T18:54:44.991+0000] {logging_mixin.py:190} INFO - [2025-04-10T18:54:44.990+0000] {dag.py:3239} INFO - Sync 1 DAGs
[2025-04-10T18:54:45.049+0000] {logging_mixin.py:190} INFO - [2025-04-10T18:54:45.048+0000] {dag.py:4180} INFO - Setting next_dagrun for create_table_if_not_exist to None, run_after=None
[2025-04-10T18:54:45.357+0000] {processor.py:208} INFO - Processing /opt/airflow/dags/create_sql_tables.py took 0.737 seconds
[2025-04-10T18:55:15.787+0000] {processor.py:186} INFO - Started process (PID=269) to work on /opt/airflow/dags/create_sql_tables.py
[2025-04-10T18:55:15.790+0000] {processor.py:914} INFO - Processing file /opt/airflow/dags/create_sql_tables.py for tasks to queue
[2025-04-10T18:55:15.800+0000] {logging_mixin.py:190} INFO - [2025-04-10T18:55:15.799+0000] {dagbag.py:588} INFO - Filling up the DagBag from /opt/airflow/dags/create_sql_tables.py
[2025-04-10T18:55:15.857+0000] {processor.py:925} INFO - DAG(s) 'create_table_if_not_exist' retrieved from /opt/airflow/dags/create_sql_tables.py
[2025-04-10T18:55:16.268+0000] {logging_mixin.py:190} INFO - [2025-04-10T18:55:16.267+0000] {dag.py:3239} INFO - Sync 1 DAGs
[2025-04-10T18:55:16.716+0000] {logging_mixin.py:190} INFO - [2025-04-10T18:55:16.715+0000] {dag.py:4180} INFO - Setting next_dagrun for create_table_if_not_exist to None, run_after=None
[2025-04-10T18:55:16.773+0000] {processor.py:208} INFO - Processing /opt/airflow/dags/create_sql_tables.py took 1.008 seconds
[2025-04-10T18:55:47.367+0000] {processor.py:186} INFO - Started process (PID=281) to work on /opt/airflow/dags/create_sql_tables.py
[2025-04-10T18:55:47.370+0000] {processor.py:914} INFO - Processing file /opt/airflow/dags/create_sql_tables.py for tasks to queue
[2025-04-10T18:55:47.384+0000] {logging_mixin.py:190} INFO - [2025-04-10T18:55:47.382+0000] {dagbag.py:588} INFO - Filling up the DagBag from /opt/airflow/dags/create_sql_tables.py
[2025-04-10T18:55:47.462+0000] {processor.py:925} INFO - DAG(s) 'create_table_if_not_exist' retrieved from /opt/airflow/dags/create_sql_tables.py
[2025-04-10T18:55:47.832+0000] {logging_mixin.py:190} INFO - [2025-04-10T18:55:47.831+0000] {dag.py:3239} INFO - Sync 1 DAGs
[2025-04-10T18:55:47.897+0000] {logging_mixin.py:190} INFO - [2025-04-10T18:55:47.896+0000] {dag.py:4180} INFO - Setting next_dagrun for create_table_if_not_exist to None, run_after=None
[2025-04-10T18:55:47.957+0000] {processor.py:208} INFO - Processing /opt/airflow/dags/create_sql_tables.py took 0.611 seconds
[2025-04-10T18:56:18.604+0000] {processor.py:186} INFO - Started process (PID=293) to work on /opt/airflow/dags/create_sql_tables.py
[2025-04-10T18:56:18.608+0000] {processor.py:914} INFO - Processing file /opt/airflow/dags/create_sql_tables.py for tasks to queue
[2025-04-10T18:56:18.615+0000] {logging_mixin.py:190} INFO - [2025-04-10T18:56:18.614+0000] {dagbag.py:588} INFO - Filling up the DagBag from /opt/airflow/dags/create_sql_tables.py
[2025-04-10T18:56:18.663+0000] {processor.py:925} INFO - DAG(s) 'create_table_if_not_exist' retrieved from /opt/airflow/dags/create_sql_tables.py
[2025-04-10T18:56:18.960+0000] {logging_mixin.py:190} INFO - [2025-04-10T18:56:18.960+0000] {dag.py:3239} INFO - Sync 1 DAGs
[2025-04-10T18:56:19.021+0000] {logging_mixin.py:190} INFO - [2025-04-10T18:56:19.020+0000] {dag.py:4180} INFO - Setting next_dagrun for create_table_if_not_exist to None, run_after=None
[2025-04-10T18:56:19.079+0000] {processor.py:208} INFO - Processing /opt/airflow/dags/create_sql_tables.py took 0.489 seconds
[2025-04-10T18:56:49.304+0000] {processor.py:186} INFO - Started process (PID=305) to work on /opt/airflow/dags/create_sql_tables.py
[2025-04-10T18:56:49.306+0000] {processor.py:914} INFO - Processing file /opt/airflow/dags/create_sql_tables.py for tasks to queue
[2025-04-10T18:56:49.312+0000] {logging_mixin.py:190} INFO - [2025-04-10T18:56:49.312+0000] {dagbag.py:588} INFO - Filling up the DagBag from /opt/airflow/dags/create_sql_tables.py
[2025-04-10T18:56:49.362+0000] {processor.py:925} INFO - DAG(s) 'create_table_if_not_exist' retrieved from /opt/airflow/dags/create_sql_tables.py
[2025-04-10T18:56:49.712+0000] {logging_mixin.py:190} INFO - [2025-04-10T18:56:49.711+0000] {dag.py:3239} INFO - Sync 1 DAGs
[2025-04-10T18:56:49.774+0000] {logging_mixin.py:190} INFO - [2025-04-10T18:56:49.773+0000] {dag.py:4180} INFO - Setting next_dagrun for create_table_if_not_exist to None, run_after=None
[2025-04-10T18:56:49.837+0000] {processor.py:208} INFO - Processing /opt/airflow/dags/create_sql_tables.py took 0.550 seconds
[2025-04-10T18:57:20.249+0000] {processor.py:186} INFO - Started process (PID=317) to work on /opt/airflow/dags/create_sql_tables.py
[2025-04-10T18:57:20.253+0000] {processor.py:914} INFO - Processing file /opt/airflow/dags/create_sql_tables.py for tasks to queue
[2025-04-10T18:57:20.262+0000] {logging_mixin.py:190} INFO - [2025-04-10T18:57:20.261+0000] {dagbag.py:588} INFO - Filling up the DagBag from /opt/airflow/dags/create_sql_tables.py
[2025-04-10T18:57:20.314+0000] {processor.py:925} INFO - DAG(s) 'create_table_if_not_exist' retrieved from /opt/airflow/dags/create_sql_tables.py
[2025-04-10T18:57:20.625+0000] {logging_mixin.py:190} INFO - [2025-04-10T18:57:20.624+0000] {dag.py:3239} INFO - Sync 1 DAGs
[2025-04-10T18:57:20.682+0000] {logging_mixin.py:190} INFO - [2025-04-10T18:57:20.681+0000] {dag.py:4180} INFO - Setting next_dagrun for create_table_if_not_exist to None, run_after=None
[2025-04-10T18:57:21.043+0000] {processor.py:208} INFO - Processing /opt/airflow/dags/create_sql_tables.py took 0.811 seconds
[2025-04-10T18:57:51.498+0000] {processor.py:186} INFO - Started process (PID=329) to work on /opt/airflow/dags/create_sql_tables.py
[2025-04-10T18:57:51.502+0000] {processor.py:914} INFO - Processing file /opt/airflow/dags/create_sql_tables.py for tasks to queue
[2025-04-10T18:57:51.510+0000] {logging_mixin.py:190} INFO - [2025-04-10T18:57:51.509+0000] {dagbag.py:588} INFO - Filling up the DagBag from /opt/airflow/dags/create_sql_tables.py
[2025-04-10T18:57:51.569+0000] {processor.py:925} INFO - DAG(s) 'create_table_if_not_exist' retrieved from /opt/airflow/dags/create_sql_tables.py
[2025-04-10T18:57:51.995+0000] {logging_mixin.py:190} INFO - [2025-04-10T18:57:51.994+0000] {dag.py:3239} INFO - Sync 1 DAGs
[2025-04-10T18:57:52.286+0000] {logging_mixin.py:190} INFO - [2025-04-10T18:57:52.286+0000] {dag.py:4180} INFO - Setting next_dagrun for create_table_if_not_exist to None, run_after=None
[2025-04-10T18:57:52.342+0000] {processor.py:208} INFO - Processing /opt/airflow/dags/create_sql_tables.py took 0.863 seconds
[2025-04-10T18:58:23.170+0000] {processor.py:186} INFO - Started process (PID=347) to work on /opt/airflow/dags/create_sql_tables.py
[2025-04-10T18:58:23.174+0000] {processor.py:914} INFO - Processing file /opt/airflow/dags/create_sql_tables.py for tasks to queue
[2025-04-10T18:58:23.184+0000] {logging_mixin.py:190} INFO - [2025-04-10T18:58:23.182+0000] {dagbag.py:588} INFO - Filling up the DagBag from /opt/airflow/dags/create_sql_tables.py
[2025-04-10T18:58:23.237+0000] {processor.py:925} INFO - DAG(s) 'create_table_if_not_exist' retrieved from /opt/airflow/dags/create_sql_tables.py
[2025-04-10T18:58:23.602+0000] {logging_mixin.py:190} INFO - [2025-04-10T18:58:23.602+0000] {dag.py:3239} INFO - Sync 1 DAGs
[2025-04-10T18:58:23.952+0000] {logging_mixin.py:190} INFO - [2025-04-10T18:58:23.951+0000] {dag.py:4180} INFO - Setting next_dagrun for create_table_if_not_exist to None, run_after=None
[2025-04-10T18:58:24.004+0000] {processor.py:208} INFO - Processing /opt/airflow/dags/create_sql_tables.py took 0.857 seconds
[2025-04-10T18:58:54.232+0000] {processor.py:186} INFO - Started process (PID=359) to work on /opt/airflow/dags/create_sql_tables.py
[2025-04-10T18:58:54.235+0000] {processor.py:914} INFO - Processing file /opt/airflow/dags/create_sql_tables.py for tasks to queue
[2025-04-10T18:58:54.241+0000] {logging_mixin.py:190} INFO - [2025-04-10T18:58:54.240+0000] {dagbag.py:588} INFO - Filling up the DagBag from /opt/airflow/dags/create_sql_tables.py
[2025-04-10T18:58:54.297+0000] {processor.py:925} INFO - DAG(s) 'create_table_if_not_exist' retrieved from /opt/airflow/dags/create_sql_tables.py
[2025-04-10T18:58:54.633+0000] {logging_mixin.py:190} INFO - [2025-04-10T18:58:54.632+0000] {dag.py:3239} INFO - Sync 1 DAGs
[2025-04-10T18:58:54.692+0000] {logging_mixin.py:190} INFO - [2025-04-10T18:58:54.691+0000] {dag.py:4180} INFO - Setting next_dagrun for create_table_if_not_exist to None, run_after=None
[2025-04-10T18:58:54.757+0000] {processor.py:208} INFO - Processing /opt/airflow/dags/create_sql_tables.py took 0.537 seconds
