[2025-04-10T18:45:57.326+0000] {processor.py:186} INFO - Started process (PID=44) to work on /opt/airflow/dags/delete_data_from_sql_tables.py
[2025-04-10T18:45:57.330+0000] {processor.py:914} INFO - Processing file /opt/airflow/dags/delete_data_from_sql_tables.py for tasks to queue
[2025-04-10T18:45:57.344+0000] {logging_mixin.py:190} INFO - [2025-04-10T18:45:57.343+0000] {dagbag.py:588} INFO - Filling up the DagBag from /opt/airflow/dags/delete_data_from_sql_tables.py
[2025-04-10T18:45:57.422+0000] {processor.py:925} INFO - DAG(s) 'delete_table_data' retrieved from /opt/airflow/dags/delete_data_from_sql_tables.py
[2025-04-10T18:45:57.954+0000] {logging_mixin.py:190} INFO - [2025-04-10T18:45:57.953+0000] {dag.py:3239} INFO - Sync 1 DAGs
[2025-04-10T18:45:57.997+0000] {logging_mixin.py:190} INFO - [2025-04-10T18:45:57.997+0000] {dag.py:4180} INFO - Setting next_dagrun for delete_table_data to None, run_after=None
[2025-04-10T18:45:58.069+0000] {processor.py:208} INFO - Processing /opt/airflow/dags/delete_data_from_sql_tables.py took 0.767 seconds
[2025-04-10T18:46:28.813+0000] {processor.py:186} INFO - Started process (PID=57) to work on /opt/airflow/dags/delete_data_from_sql_tables.py
[2025-04-10T18:46:28.818+0000] {processor.py:914} INFO - Processing file /opt/airflow/dags/delete_data_from_sql_tables.py for tasks to queue
[2025-04-10T18:46:28.832+0000] {logging_mixin.py:190} INFO - [2025-04-10T18:46:28.831+0000] {dagbag.py:588} INFO - Filling up the DagBag from /opt/airflow/dags/delete_data_from_sql_tables.py
[2025-04-10T18:46:28.892+0000] {processor.py:925} INFO - DAG(s) 'delete_table_data' retrieved from /opt/airflow/dags/delete_data_from_sql_tables.py
[2025-04-10T18:46:29.228+0000] {logging_mixin.py:190} INFO - [2025-04-10T18:46:29.228+0000] {dag.py:3239} INFO - Sync 1 DAGs
[2025-04-10T18:46:29.263+0000] {logging_mixin.py:190} INFO - [2025-04-10T18:46:29.262+0000] {dag.py:4180} INFO - Setting next_dagrun for delete_table_data to None, run_after=None
[2025-04-10T18:46:29.317+0000] {processor.py:208} INFO - Processing /opt/airflow/dags/delete_data_from_sql_tables.py took 0.534 seconds
[2025-04-10T18:47:00.387+0000] {processor.py:186} INFO - Started process (PID=69) to work on /opt/airflow/dags/delete_data_from_sql_tables.py
[2025-04-10T18:47:00.393+0000] {processor.py:914} INFO - Processing file /opt/airflow/dags/delete_data_from_sql_tables.py for tasks to queue
[2025-04-10T18:47:00.403+0000] {logging_mixin.py:190} INFO - [2025-04-10T18:47:00.402+0000] {dagbag.py:588} INFO - Filling up the DagBag from /opt/airflow/dags/delete_data_from_sql_tables.py
[2025-04-10T18:47:00.464+0000] {processor.py:925} INFO - DAG(s) 'delete_table_data' retrieved from /opt/airflow/dags/delete_data_from_sql_tables.py
[2025-04-10T18:47:00.828+0000] {logging_mixin.py:190} INFO - [2025-04-10T18:47:00.826+0000] {dag.py:3239} INFO - Sync 1 DAGs
[2025-04-10T18:47:00.867+0000] {logging_mixin.py:190} INFO - [2025-04-10T18:47:00.866+0000] {dag.py:4180} INFO - Setting next_dagrun for delete_table_data to None, run_after=None
[2025-04-10T18:47:00.921+0000] {processor.py:208} INFO - Processing /opt/airflow/dags/delete_data_from_sql_tables.py took 0.574 seconds
[2025-04-10T18:47:31.336+0000] {processor.py:186} INFO - Started process (PID=81) to work on /opt/airflow/dags/delete_data_from_sql_tables.py
[2025-04-10T18:47:31.339+0000] {processor.py:914} INFO - Processing file /opt/airflow/dags/delete_data_from_sql_tables.py for tasks to queue
[2025-04-10T18:47:31.348+0000] {logging_mixin.py:190} INFO - [2025-04-10T18:47:31.347+0000] {dagbag.py:588} INFO - Filling up the DagBag from /opt/airflow/dags/delete_data_from_sql_tables.py
[2025-04-10T18:47:31.432+0000] {processor.py:925} INFO - DAG(s) 'delete_table_data' retrieved from /opt/airflow/dags/delete_data_from_sql_tables.py
[2025-04-10T18:47:31.812+0000] {logging_mixin.py:190} INFO - [2025-04-10T18:47:31.811+0000] {dag.py:3239} INFO - Sync 1 DAGs
[2025-04-10T18:47:31.870+0000] {logging_mixin.py:190} INFO - [2025-04-10T18:47:31.869+0000] {dag.py:4180} INFO - Setting next_dagrun for delete_table_data to None, run_after=None
[2025-04-10T18:47:31.985+0000] {processor.py:208} INFO - Processing /opt/airflow/dags/delete_data_from_sql_tables.py took 0.670 seconds
[2025-04-10T18:48:02.588+0000] {processor.py:186} INFO - Started process (PID=93) to work on /opt/airflow/dags/delete_data_from_sql_tables.py
[2025-04-10T18:48:02.590+0000] {processor.py:914} INFO - Processing file /opt/airflow/dags/delete_data_from_sql_tables.py for tasks to queue
[2025-04-10T18:48:02.596+0000] {logging_mixin.py:190} INFO - [2025-04-10T18:48:02.595+0000] {dagbag.py:588} INFO - Filling up the DagBag from /opt/airflow/dags/delete_data_from_sql_tables.py
[2025-04-10T18:48:02.645+0000] {processor.py:925} INFO - DAG(s) 'delete_table_data' retrieved from /opt/airflow/dags/delete_data_from_sql_tables.py
[2025-04-10T18:48:02.948+0000] {logging_mixin.py:190} INFO - [2025-04-10T18:48:02.947+0000] {dag.py:3239} INFO - Sync 1 DAGs
[2025-04-10T18:48:02.976+0000] {logging_mixin.py:190} INFO - [2025-04-10T18:48:02.976+0000] {dag.py:4180} INFO - Setting next_dagrun for delete_table_data to None, run_after=None
[2025-04-10T18:48:03.031+0000] {processor.py:208} INFO - Processing /opt/airflow/dags/delete_data_from_sql_tables.py took 0.457 seconds
[2025-04-10T18:48:33.333+0000] {processor.py:186} INFO - Started process (PID=105) to work on /opt/airflow/dags/delete_data_from_sql_tables.py
[2025-04-10T18:48:33.336+0000] {processor.py:914} INFO - Processing file /opt/airflow/dags/delete_data_from_sql_tables.py for tasks to queue
[2025-04-10T18:48:33.343+0000] {logging_mixin.py:190} INFO - [2025-04-10T18:48:33.342+0000] {dagbag.py:588} INFO - Filling up the DagBag from /opt/airflow/dags/delete_data_from_sql_tables.py
[2025-04-10T18:48:33.396+0000] {processor.py:925} INFO - DAG(s) 'delete_table_data' retrieved from /opt/airflow/dags/delete_data_from_sql_tables.py
[2025-04-10T18:48:33.745+0000] {logging_mixin.py:190} INFO - [2025-04-10T18:48:33.745+0000] {dag.py:3239} INFO - Sync 1 DAGs
[2025-04-10T18:48:33.784+0000] {logging_mixin.py:190} INFO - [2025-04-10T18:48:33.783+0000] {dag.py:4180} INFO - Setting next_dagrun for delete_table_data to None, run_after=None
[2025-04-10T18:48:33.844+0000] {processor.py:208} INFO - Processing /opt/airflow/dags/delete_data_from_sql_tables.py took 0.525 seconds
[2025-04-10T18:49:04.220+0000] {processor.py:186} INFO - Started process (PID=117) to work on /opt/airflow/dags/delete_data_from_sql_tables.py
[2025-04-10T18:49:04.223+0000] {processor.py:914} INFO - Processing file /opt/airflow/dags/delete_data_from_sql_tables.py for tasks to queue
[2025-04-10T18:49:04.230+0000] {logging_mixin.py:190} INFO - [2025-04-10T18:49:04.229+0000] {dagbag.py:588} INFO - Filling up the DagBag from /opt/airflow/dags/delete_data_from_sql_tables.py
[2025-04-10T18:49:04.293+0000] {processor.py:925} INFO - DAG(s) 'delete_table_data' retrieved from /opt/airflow/dags/delete_data_from_sql_tables.py
[2025-04-10T18:49:04.653+0000] {logging_mixin.py:190} INFO - [2025-04-10T18:49:04.652+0000] {dag.py:3239} INFO - Sync 1 DAGs
[2025-04-10T18:49:04.693+0000] {logging_mixin.py:190} INFO - [2025-04-10T18:49:04.693+0000] {dag.py:4180} INFO - Setting next_dagrun for delete_table_data to None, run_after=None
[2025-04-10T18:49:04.762+0000] {processor.py:208} INFO - Processing /opt/airflow/dags/delete_data_from_sql_tables.py took 0.561 seconds
[2025-04-10T18:49:34.974+0000] {processor.py:186} INFO - Started process (PID=129) to work on /opt/airflow/dags/delete_data_from_sql_tables.py
[2025-04-10T18:49:34.978+0000] {processor.py:914} INFO - Processing file /opt/airflow/dags/delete_data_from_sql_tables.py for tasks to queue
[2025-04-10T18:49:34.986+0000] {logging_mixin.py:190} INFO - [2025-04-10T18:49:34.985+0000] {dagbag.py:588} INFO - Filling up the DagBag from /opt/airflow/dags/delete_data_from_sql_tables.py
[2025-04-10T18:49:35.047+0000] {processor.py:925} INFO - DAG(s) 'delete_table_data' retrieved from /opt/airflow/dags/delete_data_from_sql_tables.py
[2025-04-10T18:49:35.389+0000] {logging_mixin.py:190} INFO - [2025-04-10T18:49:35.388+0000] {dag.py:3239} INFO - Sync 1 DAGs
[2025-04-10T18:49:35.805+0000] {logging_mixin.py:190} INFO - [2025-04-10T18:49:35.804+0000] {dag.py:4180} INFO - Setting next_dagrun for delete_table_data to None, run_after=None
[2025-04-10T18:49:35.866+0000] {processor.py:208} INFO - Processing /opt/airflow/dags/delete_data_from_sql_tables.py took 0.915 seconds
[2025-04-10T18:50:06.644+0000] {processor.py:186} INFO - Started process (PID=145) to work on /opt/airflow/dags/delete_data_from_sql_tables.py
[2025-04-10T18:50:06.647+0000] {processor.py:914} INFO - Processing file /opt/airflow/dags/delete_data_from_sql_tables.py for tasks to queue
[2025-04-10T18:50:06.652+0000] {logging_mixin.py:190} INFO - [2025-04-10T18:50:06.652+0000] {dagbag.py:588} INFO - Filling up the DagBag from /opt/airflow/dags/delete_data_from_sql_tables.py
[2025-04-10T18:50:06.699+0000] {processor.py:925} INFO - DAG(s) 'delete_table_data' retrieved from /opt/airflow/dags/delete_data_from_sql_tables.py
[2025-04-10T18:50:06.963+0000] {logging_mixin.py:190} INFO - [2025-04-10T18:50:06.962+0000] {dag.py:3239} INFO - Sync 1 DAGs
[2025-04-10T18:50:06.994+0000] {logging_mixin.py:190} INFO - [2025-04-10T18:50:06.993+0000] {dag.py:4180} INFO - Setting next_dagrun for delete_table_data to None, run_after=None
[2025-04-10T18:50:07.047+0000] {processor.py:208} INFO - Processing /opt/airflow/dags/delete_data_from_sql_tables.py took 0.416 seconds
[2025-04-10T18:50:37.245+0000] {processor.py:186} INFO - Started process (PID=161) to work on /opt/airflow/dags/delete_data_from_sql_tables.py
[2025-04-10T18:50:37.248+0000] {processor.py:914} INFO - Processing file /opt/airflow/dags/delete_data_from_sql_tables.py for tasks to queue
[2025-04-10T18:50:37.255+0000] {logging_mixin.py:190} INFO - [2025-04-10T18:50:37.254+0000] {dagbag.py:588} INFO - Filling up the DagBag from /opt/airflow/dags/delete_data_from_sql_tables.py
[2025-04-10T18:50:37.302+0000] {processor.py:925} INFO - DAG(s) 'delete_table_data' retrieved from /opt/airflow/dags/delete_data_from_sql_tables.py
[2025-04-10T18:50:37.571+0000] {logging_mixin.py:190} INFO - [2025-04-10T18:50:37.570+0000] {dag.py:3239} INFO - Sync 1 DAGs
[2025-04-10T18:50:37.599+0000] {logging_mixin.py:190} INFO - [2025-04-10T18:50:37.598+0000] {dag.py:4180} INFO - Setting next_dagrun for delete_table_data to None, run_after=None
[2025-04-10T18:50:37.648+0000] {processor.py:208} INFO - Processing /opt/airflow/dags/delete_data_from_sql_tables.py took 0.419 seconds
[2025-04-10T18:51:07.971+0000] {processor.py:186} INFO - Started process (PID=173) to work on /opt/airflow/dags/delete_data_from_sql_tables.py
[2025-04-10T18:51:07.974+0000] {processor.py:914} INFO - Processing file /opt/airflow/dags/delete_data_from_sql_tables.py for tasks to queue
[2025-04-10T18:51:07.983+0000] {logging_mixin.py:190} INFO - [2025-04-10T18:51:07.981+0000] {dagbag.py:588} INFO - Filling up the DagBag from /opt/airflow/dags/delete_data_from_sql_tables.py
[2025-04-10T18:51:08.038+0000] {processor.py:925} INFO - DAG(s) 'delete_table_data' retrieved from /opt/airflow/dags/delete_data_from_sql_tables.py
[2025-04-10T18:51:08.420+0000] {logging_mixin.py:190} INFO - [2025-04-10T18:51:08.419+0000] {dag.py:3239} INFO - Sync 1 DAGs
[2025-04-10T18:51:08.459+0000] {logging_mixin.py:190} INFO - [2025-04-10T18:51:08.458+0000] {dag.py:4180} INFO - Setting next_dagrun for delete_table_data to None, run_after=None
[2025-04-10T18:51:08.529+0000] {processor.py:208} INFO - Processing /opt/airflow/dags/delete_data_from_sql_tables.py took 0.572 seconds
[2025-04-10T18:51:38.829+0000] {processor.py:186} INFO - Started process (PID=185) to work on /opt/airflow/dags/delete_data_from_sql_tables.py
[2025-04-10T18:51:38.833+0000] {processor.py:914} INFO - Processing file /opt/airflow/dags/delete_data_from_sql_tables.py for tasks to queue
[2025-04-10T18:51:38.844+0000] {logging_mixin.py:190} INFO - [2025-04-10T18:51:38.842+0000] {dagbag.py:588} INFO - Filling up the DagBag from /opt/airflow/dags/delete_data_from_sql_tables.py
[2025-04-10T18:51:38.912+0000] {processor.py:925} INFO - DAG(s) 'delete_table_data' retrieved from /opt/airflow/dags/delete_data_from_sql_tables.py
[2025-04-10T18:51:39.419+0000] {logging_mixin.py:190} INFO - [2025-04-10T18:51:39.419+0000] {dag.py:3239} INFO - Sync 1 DAGs
[2025-04-10T18:51:39.478+0000] {logging_mixin.py:190} INFO - [2025-04-10T18:51:39.478+0000] {dag.py:4180} INFO - Setting next_dagrun for delete_table_data to None, run_after=None
[2025-04-10T18:51:39.542+0000] {processor.py:208} INFO - Processing /opt/airflow/dags/delete_data_from_sql_tables.py took 0.737 seconds
[2025-04-10T18:52:10.260+0000] {processor.py:186} INFO - Started process (PID=197) to work on /opt/airflow/dags/delete_data_from_sql_tables.py
[2025-04-10T18:52:10.263+0000] {processor.py:914} INFO - Processing file /opt/airflow/dags/delete_data_from_sql_tables.py for tasks to queue
[2025-04-10T18:52:10.270+0000] {logging_mixin.py:190} INFO - [2025-04-10T18:52:10.269+0000] {dagbag.py:588} INFO - Filling up the DagBag from /opt/airflow/dags/delete_data_from_sql_tables.py
[2025-04-10T18:52:10.316+0000] {processor.py:925} INFO - DAG(s) 'delete_table_data' retrieved from /opt/airflow/dags/delete_data_from_sql_tables.py
[2025-04-10T18:52:10.625+0000] {logging_mixin.py:190} INFO - [2025-04-10T18:52:10.625+0000] {dag.py:3239} INFO - Sync 1 DAGs
[2025-04-10T18:52:10.658+0000] {logging_mixin.py:190} INFO - [2025-04-10T18:52:10.657+0000] {dag.py:4180} INFO - Setting next_dagrun for delete_table_data to None, run_after=None
[2025-04-10T18:52:10.986+0000] {processor.py:208} INFO - Processing /opt/airflow/dags/delete_data_from_sql_tables.py took 0.743 seconds
[2025-04-10T18:52:41.218+0000] {processor.py:186} INFO - Started process (PID=209) to work on /opt/airflow/dags/delete_data_from_sql_tables.py
[2025-04-10T18:52:41.220+0000] {processor.py:914} INFO - Processing file /opt/airflow/dags/delete_data_from_sql_tables.py for tasks to queue
[2025-04-10T18:52:41.227+0000] {logging_mixin.py:190} INFO - [2025-04-10T18:52:41.226+0000] {dagbag.py:588} INFO - Filling up the DagBag from /opt/airflow/dags/delete_data_from_sql_tables.py
[2025-04-10T18:52:41.272+0000] {processor.py:925} INFO - DAG(s) 'delete_table_data' retrieved from /opt/airflow/dags/delete_data_from_sql_tables.py
[2025-04-10T18:52:41.576+0000] {logging_mixin.py:190} INFO - [2025-04-10T18:52:41.576+0000] {dag.py:3239} INFO - Sync 1 DAGs
[2025-04-10T18:52:41.873+0000] {logging_mixin.py:190} INFO - [2025-04-10T18:52:41.873+0000] {dag.py:4180} INFO - Setting next_dagrun for delete_table_data to None, run_after=None
[2025-04-10T18:52:41.938+0000] {processor.py:208} INFO - Processing /opt/airflow/dags/delete_data_from_sql_tables.py took 0.735 seconds
[2025-04-10T18:53:12.408+0000] {processor.py:186} INFO - Started process (PID=221) to work on /opt/airflow/dags/delete_data_from_sql_tables.py
[2025-04-10T18:53:12.411+0000] {processor.py:914} INFO - Processing file /opt/airflow/dags/delete_data_from_sql_tables.py for tasks to queue
[2025-04-10T18:53:12.418+0000] {logging_mixin.py:190} INFO - [2025-04-10T18:53:12.417+0000] {dagbag.py:588} INFO - Filling up the DagBag from /opt/airflow/dags/delete_data_from_sql_tables.py
[2025-04-10T18:53:12.467+0000] {processor.py:925} INFO - DAG(s) 'delete_table_data' retrieved from /opt/airflow/dags/delete_data_from_sql_tables.py
[2025-04-10T18:53:12.765+0000] {logging_mixin.py:190} INFO - [2025-04-10T18:53:12.764+0000] {dag.py:3239} INFO - Sync 1 DAGs
[2025-04-10T18:53:12.796+0000] {logging_mixin.py:190} INFO - [2025-04-10T18:53:12.795+0000] {dag.py:4180} INFO - Setting next_dagrun for delete_table_data to None, run_after=None
[2025-04-10T18:53:12.848+0000] {processor.py:208} INFO - Processing /opt/airflow/dags/delete_data_from_sql_tables.py took 0.456 seconds
[2025-04-10T18:53:43.066+0000] {processor.py:186} INFO - Started process (PID=232) to work on /opt/airflow/dags/delete_data_from_sql_tables.py
[2025-04-10T18:53:43.069+0000] {processor.py:914} INFO - Processing file /opt/airflow/dags/delete_data_from_sql_tables.py for tasks to queue
[2025-04-10T18:53:43.077+0000] {logging_mixin.py:190} INFO - [2025-04-10T18:53:43.076+0000] {dagbag.py:588} INFO - Filling up the DagBag from /opt/airflow/dags/delete_data_from_sql_tables.py
[2025-04-10T18:53:43.141+0000] {processor.py:925} INFO - DAG(s) 'delete_table_data' retrieved from /opt/airflow/dags/delete_data_from_sql_tables.py
[2025-04-10T18:53:43.482+0000] {logging_mixin.py:190} INFO - [2025-04-10T18:53:43.481+0000] {dag.py:3239} INFO - Sync 1 DAGs
[2025-04-10T18:53:43.514+0000] {logging_mixin.py:190} INFO - [2025-04-10T18:53:43.514+0000] {dag.py:4180} INFO - Setting next_dagrun for delete_table_data to None, run_after=None
[2025-04-10T18:53:43.575+0000] {processor.py:208} INFO - Processing /opt/airflow/dags/delete_data_from_sql_tables.py took 0.527 seconds
[2025-04-10T18:54:13.918+0000] {processor.py:186} INFO - Started process (PID=244) to work on /opt/airflow/dags/delete_data_from_sql_tables.py
[2025-04-10T18:54:13.920+0000] {processor.py:914} INFO - Processing file /opt/airflow/dags/delete_data_from_sql_tables.py for tasks to queue
[2025-04-10T18:54:13.927+0000] {logging_mixin.py:190} INFO - [2025-04-10T18:54:13.926+0000] {dagbag.py:588} INFO - Filling up the DagBag from /opt/airflow/dags/delete_data_from_sql_tables.py
[2025-04-10T18:54:13.981+0000] {processor.py:925} INFO - DAG(s) 'delete_table_data' retrieved from /opt/airflow/dags/delete_data_from_sql_tables.py
[2025-04-10T18:54:14.328+0000] {logging_mixin.py:190} INFO - [2025-04-10T18:54:14.327+0000] {dag.py:3239} INFO - Sync 1 DAGs
[2025-04-10T18:54:14.366+0000] {logging_mixin.py:190} INFO - [2025-04-10T18:54:14.366+0000] {dag.py:4180} INFO - Setting next_dagrun for delete_table_data to None, run_after=None
[2025-04-10T18:54:14.424+0000] {processor.py:208} INFO - Processing /opt/airflow/dags/delete_data_from_sql_tables.py took 0.519 seconds
[2025-04-10T18:54:44.620+0000] {processor.py:186} INFO - Started process (PID=256) to work on /opt/airflow/dags/delete_data_from_sql_tables.py
[2025-04-10T18:54:44.623+0000] {processor.py:914} INFO - Processing file /opt/airflow/dags/delete_data_from_sql_tables.py for tasks to queue
[2025-04-10T18:54:44.631+0000] {logging_mixin.py:190} INFO - [2025-04-10T18:54:44.630+0000] {dagbag.py:588} INFO - Filling up the DagBag from /opt/airflow/dags/delete_data_from_sql_tables.py
[2025-04-10T18:54:44.679+0000] {processor.py:925} INFO - DAG(s) 'delete_table_data' retrieved from /opt/airflow/dags/delete_data_from_sql_tables.py
[2025-04-10T18:54:44.989+0000] {logging_mixin.py:190} INFO - [2025-04-10T18:54:44.988+0000] {dag.py:3239} INFO - Sync 1 DAGs
[2025-04-10T18:54:45.023+0000] {logging_mixin.py:190} INFO - [2025-04-10T18:54:45.023+0000] {dag.py:4180} INFO - Setting next_dagrun for delete_table_data to None, run_after=None
[2025-04-10T18:54:45.083+0000] {processor.py:208} INFO - Processing /opt/airflow/dags/delete_data_from_sql_tables.py took 0.477 seconds
[2025-04-10T18:55:15.761+0000] {processor.py:186} INFO - Started process (PID=268) to work on /opt/airflow/dags/delete_data_from_sql_tables.py
[2025-04-10T18:55:15.764+0000] {processor.py:914} INFO - Processing file /opt/airflow/dags/delete_data_from_sql_tables.py for tasks to queue
[2025-04-10T18:55:15.774+0000] {logging_mixin.py:190} INFO - [2025-04-10T18:55:15.772+0000] {dagbag.py:588} INFO - Filling up the DagBag from /opt/airflow/dags/delete_data_from_sql_tables.py
[2025-04-10T18:55:15.834+0000] {processor.py:925} INFO - DAG(s) 'delete_table_data' retrieved from /opt/airflow/dags/delete_data_from_sql_tables.py
[2025-04-10T18:55:16.264+0000] {logging_mixin.py:190} INFO - [2025-04-10T18:55:16.263+0000] {dag.py:3239} INFO - Sync 1 DAGs
[2025-04-10T18:55:16.703+0000] {logging_mixin.py:190} INFO - [2025-04-10T18:55:16.702+0000] {dag.py:4180} INFO - Setting next_dagrun for delete_table_data to None, run_after=None
[2025-04-10T18:55:16.763+0000] {processor.py:208} INFO - Processing /opt/airflow/dags/delete_data_from_sql_tables.py took 1.021 seconds
[2025-04-10T18:55:47.342+0000] {processor.py:186} INFO - Started process (PID=280) to work on /opt/airflow/dags/delete_data_from_sql_tables.py
[2025-04-10T18:55:47.345+0000] {processor.py:914} INFO - Processing file /opt/airflow/dags/delete_data_from_sql_tables.py for tasks to queue
[2025-04-10T18:55:47.360+0000] {logging_mixin.py:190} INFO - [2025-04-10T18:55:47.358+0000] {dagbag.py:588} INFO - Filling up the DagBag from /opt/airflow/dags/delete_data_from_sql_tables.py
[2025-04-10T18:55:47.433+0000] {processor.py:925} INFO - DAG(s) 'delete_table_data' retrieved from /opt/airflow/dags/delete_data_from_sql_tables.py
[2025-04-10T18:55:47.812+0000] {logging_mixin.py:190} INFO - [2025-04-10T18:55:47.811+0000] {dag.py:3239} INFO - Sync 1 DAGs
[2025-04-10T18:55:47.849+0000] {logging_mixin.py:190} INFO - [2025-04-10T18:55:47.848+0000] {dag.py:4180} INFO - Setting next_dagrun for delete_table_data to None, run_after=None
[2025-04-10T18:55:47.907+0000] {processor.py:208} INFO - Processing /opt/airflow/dags/delete_data_from_sql_tables.py took 0.583 seconds
[2025-04-10T18:56:18.586+0000] {processor.py:186} INFO - Started process (PID=292) to work on /opt/airflow/dags/delete_data_from_sql_tables.py
[2025-04-10T18:56:18.588+0000] {processor.py:914} INFO - Processing file /opt/airflow/dags/delete_data_from_sql_tables.py for tasks to queue
[2025-04-10T18:56:18.597+0000] {logging_mixin.py:190} INFO - [2025-04-10T18:56:18.596+0000] {dagbag.py:588} INFO - Filling up the DagBag from /opt/airflow/dags/delete_data_from_sql_tables.py
[2025-04-10T18:56:18.648+0000] {processor.py:925} INFO - DAG(s) 'delete_table_data' retrieved from /opt/airflow/dags/delete_data_from_sql_tables.py
[2025-04-10T18:56:18.954+0000] {logging_mixin.py:190} INFO - [2025-04-10T18:56:18.953+0000] {dag.py:3239} INFO - Sync 1 DAGs
[2025-04-10T18:56:18.987+0000] {logging_mixin.py:190} INFO - [2025-04-10T18:56:18.987+0000] {dag.py:4180} INFO - Setting next_dagrun for delete_table_data to None, run_after=None
[2025-04-10T18:56:19.049+0000] {processor.py:208} INFO - Processing /opt/airflow/dags/delete_data_from_sql_tables.py took 0.476 seconds
[2025-04-10T18:56:49.283+0000] {processor.py:186} INFO - Started process (PID=304) to work on /opt/airflow/dags/delete_data_from_sql_tables.py
[2025-04-10T18:56:49.286+0000] {processor.py:914} INFO - Processing file /opt/airflow/dags/delete_data_from_sql_tables.py for tasks to queue
[2025-04-10T18:56:49.293+0000] {logging_mixin.py:190} INFO - [2025-04-10T18:56:49.292+0000] {dagbag.py:588} INFO - Filling up the DagBag from /opt/airflow/dags/delete_data_from_sql_tables.py
[2025-04-10T18:56:49.346+0000] {processor.py:925} INFO - DAG(s) 'delete_table_data' retrieved from /opt/airflow/dags/delete_data_from_sql_tables.py
[2025-04-10T18:56:49.668+0000] {logging_mixin.py:190} INFO - [2025-04-10T18:56:49.668+0000] {dag.py:3239} INFO - Sync 1 DAGs
[2025-04-10T18:56:49.698+0000] {logging_mixin.py:190} INFO - [2025-04-10T18:56:49.698+0000] {dag.py:4180} INFO - Setting next_dagrun for delete_table_data to None, run_after=None
[2025-04-10T18:56:49.757+0000] {processor.py:208} INFO - Processing /opt/airflow/dags/delete_data_from_sql_tables.py took 0.488 seconds
[2025-04-10T18:57:20.233+0000] {processor.py:186} INFO - Started process (PID=316) to work on /opt/airflow/dags/delete_data_from_sql_tables.py
[2025-04-10T18:57:20.236+0000] {processor.py:914} INFO - Processing file /opt/airflow/dags/delete_data_from_sql_tables.py for tasks to queue
[2025-04-10T18:57:20.244+0000] {logging_mixin.py:190} INFO - [2025-04-10T18:57:20.243+0000] {dagbag.py:588} INFO - Filling up the DagBag from /opt/airflow/dags/delete_data_from_sql_tables.py
[2025-04-10T18:57:20.301+0000] {processor.py:925} INFO - DAG(s) 'delete_table_data' retrieved from /opt/airflow/dags/delete_data_from_sql_tables.py
[2025-04-10T18:57:20.614+0000] {logging_mixin.py:190} INFO - [2025-04-10T18:57:20.614+0000] {dag.py:3239} INFO - Sync 1 DAGs
[2025-04-10T18:57:20.649+0000] {logging_mixin.py:190} INFO - [2025-04-10T18:57:20.649+0000] {dag.py:4180} INFO - Setting next_dagrun for delete_table_data to None, run_after=None
[2025-04-10T18:57:20.717+0000] {processor.py:208} INFO - Processing /opt/airflow/dags/delete_data_from_sql_tables.py took 0.502 seconds
[2025-04-10T18:57:50.906+0000] {processor.py:186} INFO - Started process (PID=328) to work on /opt/airflow/dags/delete_data_from_sql_tables.py
[2025-04-10T18:57:50.908+0000] {processor.py:914} INFO - Processing file /opt/airflow/dags/delete_data_from_sql_tables.py for tasks to queue
[2025-04-10T18:57:50.913+0000] {logging_mixin.py:190} INFO - [2025-04-10T18:57:50.913+0000] {dagbag.py:588} INFO - Filling up the DagBag from /opt/airflow/dags/delete_data_from_sql_tables.py
[2025-04-10T18:57:50.963+0000] {processor.py:925} INFO - DAG(s) 'delete_table_data' retrieved from /opt/airflow/dags/delete_data_from_sql_tables.py
[2025-04-10T18:57:51.266+0000] {logging_mixin.py:190} INFO - [2025-04-10T18:57:51.265+0000] {dag.py:3239} INFO - Sync 1 DAGs
[2025-04-10T18:57:51.617+0000] {logging_mixin.py:190} INFO - [2025-04-10T18:57:51.616+0000] {dag.py:4180} INFO - Setting next_dagrun for delete_table_data to None, run_after=None
[2025-04-10T18:57:51.681+0000] {processor.py:208} INFO - Processing /opt/airflow/dags/delete_data_from_sql_tables.py took 0.788 seconds
[2025-04-10T18:58:22.542+0000] {processor.py:186} INFO - Started process (PID=340) to work on /opt/airflow/dags/delete_data_from_sql_tables.py
[2025-04-10T18:58:22.544+0000] {processor.py:914} INFO - Processing file /opt/airflow/dags/delete_data_from_sql_tables.py for tasks to queue
[2025-04-10T18:58:22.552+0000] {logging_mixin.py:190} INFO - [2025-04-10T18:58:22.551+0000] {dagbag.py:588} INFO - Filling up the DagBag from /opt/airflow/dags/delete_data_from_sql_tables.py
[2025-04-10T18:58:22.599+0000] {processor.py:925} INFO - DAG(s) 'delete_table_data' retrieved from /opt/airflow/dags/delete_data_from_sql_tables.py
[2025-04-10T18:58:23.029+0000] {logging_mixin.py:190} INFO - [2025-04-10T18:58:23.027+0000] {dag.py:3239} INFO - Sync 1 DAGs
[2025-04-10T18:58:23.408+0000] {logging_mixin.py:190} INFO - [2025-04-10T18:58:23.407+0000] {dag.py:4180} INFO - Setting next_dagrun for delete_table_data to None, run_after=None
[2025-04-10T18:58:23.469+0000] {processor.py:208} INFO - Processing /opt/airflow/dags/delete_data_from_sql_tables.py took 0.939 seconds
[2025-04-10T18:58:53.621+0000] {processor.py:186} INFO - Started process (PID=357) to work on /opt/airflow/dags/delete_data_from_sql_tables.py
[2025-04-10T18:58:53.623+0000] {processor.py:914} INFO - Processing file /opt/airflow/dags/delete_data_from_sql_tables.py for tasks to queue
[2025-04-10T18:58:53.629+0000] {logging_mixin.py:190} INFO - [2025-04-10T18:58:53.628+0000] {dagbag.py:588} INFO - Filling up the DagBag from /opt/airflow/dags/delete_data_from_sql_tables.py
[2025-04-10T18:58:53.680+0000] {processor.py:925} INFO - DAG(s) 'delete_table_data' retrieved from /opt/airflow/dags/delete_data_from_sql_tables.py
[2025-04-10T18:58:54.039+0000] {logging_mixin.py:190} INFO - [2025-04-10T18:58:54.039+0000] {dag.py:3239} INFO - Sync 1 DAGs
[2025-04-10T18:58:54.073+0000] {logging_mixin.py:190} INFO - [2025-04-10T18:58:54.072+0000] {dag.py:4180} INFO - Setting next_dagrun for delete_table_data to None, run_after=None
[2025-04-10T18:58:54.128+0000] {processor.py:208} INFO - Processing /opt/airflow/dags/delete_data_from_sql_tables.py took 0.523 seconds
