[2025-04-10T18:45:59.035+0000] {processor.py:186} INFO - Started process (PID=48) to work on /opt/airflow/dags/etl_users.py
[2025-04-10T18:45:59.039+0000] {processor.py:914} INFO - Processing file /opt/airflow/dags/etl_users.py for tasks to queue
[2025-04-10T18:45:59.049+0000] {logging_mixin.py:190} INFO - [2025-04-10T18:45:59.047+0000] {dagbag.py:588} INFO - Filling up the DagBag from /opt/airflow/dags/etl_users.py
[2025-04-10T18:46:00.506+0000] {processor.py:925} INFO - DAG(s) 'import_users_to_database' retrieved from /opt/airflow/dags/etl_users.py
[2025-04-10T18:46:00.880+0000] {logging_mixin.py:190} INFO - [2025-04-10T18:46:00.878+0000] {dag.py:3239} INFO - Sync 1 DAGs
[2025-04-10T18:46:00.956+0000] {logging_mixin.py:190} INFO - [2025-04-10T18:46:00.955+0000] {dag.py:4180} INFO - Setting next_dagrun for import_users_to_database to 2025-04-11 00:00:00+00:00, run_after=2025-04-12 00:00:00+00:00
[2025-04-10T18:46:01.067+0000] {processor.py:208} INFO - Processing /opt/airflow/dags/etl_users.py took 2.059 seconds
[2025-04-10T18:46:31.610+0000] {processor.py:186} INFO - Started process (PID=61) to work on /opt/airflow/dags/etl_users.py
[2025-04-10T18:46:31.614+0000] {processor.py:914} INFO - Processing file /opt/airflow/dags/etl_users.py for tasks to queue
[2025-04-10T18:46:31.621+0000] {logging_mixin.py:190} INFO - [2025-04-10T18:46:31.620+0000] {dagbag.py:588} INFO - Filling up the DagBag from /opt/airflow/dags/etl_users.py
[2025-04-10T18:46:33.036+0000] {processor.py:925} INFO - DAG(s) 'import_users_to_database' retrieved from /opt/airflow/dags/etl_users.py
[2025-04-10T18:46:33.512+0000] {logging_mixin.py:190} INFO - [2025-04-10T18:46:33.510+0000] {dag.py:3239} INFO - Sync 1 DAGs
[2025-04-10T18:46:33.616+0000] {logging_mixin.py:190} INFO - [2025-04-10T18:46:33.616+0000] {dag.py:4180} INFO - Setting next_dagrun for import_users_to_database to 2025-04-11 00:00:00+00:00, run_after=2025-04-12 00:00:00+00:00
[2025-04-10T18:46:33.681+0000] {processor.py:208} INFO - Processing /opt/airflow/dags/etl_users.py took 2.090 seconds
[2025-04-10T18:47:04.125+0000] {processor.py:186} INFO - Started process (PID=73) to work on /opt/airflow/dags/etl_users.py
[2025-04-10T18:47:04.127+0000] {processor.py:914} INFO - Processing file /opt/airflow/dags/etl_users.py for tasks to queue
[2025-04-10T18:47:04.133+0000] {logging_mixin.py:190} INFO - [2025-04-10T18:47:04.132+0000] {dagbag.py:588} INFO - Filling up the DagBag from /opt/airflow/dags/etl_users.py
[2025-04-10T18:47:06.086+0000] {processor.py:925} INFO - DAG(s) 'import_users_to_database' retrieved from /opt/airflow/dags/etl_users.py
[2025-04-10T18:47:06.472+0000] {logging_mixin.py:190} INFO - [2025-04-10T18:47:06.471+0000] {dag.py:3239} INFO - Sync 1 DAGs
[2025-04-10T18:47:06.570+0000] {logging_mixin.py:190} INFO - [2025-04-10T18:47:06.569+0000] {dag.py:4180} INFO - Setting next_dagrun for import_users_to_database to 2025-04-11 00:00:00+00:00, run_after=2025-04-12 00:00:00+00:00
[2025-04-10T18:47:06.657+0000] {processor.py:208} INFO - Processing /opt/airflow/dags/etl_users.py took 2.544 seconds
[2025-04-10T18:47:36.915+0000] {processor.py:186} INFO - Started process (PID=85) to work on /opt/airflow/dags/etl_users.py
[2025-04-10T18:47:36.917+0000] {processor.py:914} INFO - Processing file /opt/airflow/dags/etl_users.py for tasks to queue
[2025-04-10T18:47:36.925+0000] {logging_mixin.py:190} INFO - [2025-04-10T18:47:36.925+0000] {dagbag.py:588} INFO - Filling up the DagBag from /opt/airflow/dags/etl_users.py
[2025-04-10T18:47:38.684+0000] {processor.py:925} INFO - DAG(s) 'import_users_to_database' retrieved from /opt/airflow/dags/etl_users.py
[2025-04-10T18:47:39.039+0000] {logging_mixin.py:190} INFO - [2025-04-10T18:47:39.038+0000] {dag.py:3239} INFO - Sync 1 DAGs
[2025-04-10T18:47:39.093+0000] {logging_mixin.py:190} INFO - [2025-04-10T18:47:39.093+0000] {dag.py:4180} INFO - Setting next_dagrun for import_users_to_database to 2025-04-11 00:00:00+00:00, run_after=2025-04-12 00:00:00+00:00
[2025-04-10T18:47:39.138+0000] {processor.py:208} INFO - Processing /opt/airflow/dags/etl_users.py took 2.237 seconds
[2025-04-10T18:48:09.340+0000] {processor.py:186} INFO - Started process (PID=97) to work on /opt/airflow/dags/etl_users.py
[2025-04-10T18:48:09.343+0000] {processor.py:914} INFO - Processing file /opt/airflow/dags/etl_users.py for tasks to queue
[2025-04-10T18:48:09.350+0000] {logging_mixin.py:190} INFO - [2025-04-10T18:48:09.349+0000] {dagbag.py:588} INFO - Filling up the DagBag from /opt/airflow/dags/etl_users.py
[2025-04-10T18:48:10.800+0000] {processor.py:925} INFO - DAG(s) 'import_users_to_database' retrieved from /opt/airflow/dags/etl_users.py
[2025-04-10T18:48:11.063+0000] {logging_mixin.py:190} INFO - [2025-04-10T18:48:11.062+0000] {dag.py:3239} INFO - Sync 1 DAGs
[2025-04-10T18:48:11.111+0000] {logging_mixin.py:190} INFO - [2025-04-10T18:48:11.110+0000] {dag.py:4180} INFO - Setting next_dagrun for import_users_to_database to 2025-04-11 00:00:00+00:00, run_after=2025-04-12 00:00:00+00:00
[2025-04-10T18:48:11.159+0000] {processor.py:208} INFO - Processing /opt/airflow/dags/etl_users.py took 1.838 seconds
[2025-04-10T18:48:42.206+0000] {processor.py:186} INFO - Started process (PID=109) to work on /opt/airflow/dags/etl_users.py
[2025-04-10T18:48:42.208+0000] {processor.py:914} INFO - Processing file /opt/airflow/dags/etl_users.py for tasks to queue
[2025-04-10T18:48:42.213+0000] {logging_mixin.py:190} INFO - [2025-04-10T18:48:42.212+0000] {dagbag.py:588} INFO - Filling up the DagBag from /opt/airflow/dags/etl_users.py
[2025-04-10T18:48:43.288+0000] {processor.py:925} INFO - DAG(s) 'import_users_to_database' retrieved from /opt/airflow/dags/etl_users.py
[2025-04-10T18:48:43.552+0000] {logging_mixin.py:190} INFO - [2025-04-10T18:48:43.551+0000] {dag.py:3239} INFO - Sync 1 DAGs
[2025-04-10T18:48:43.605+0000] {logging_mixin.py:190} INFO - [2025-04-10T18:48:43.605+0000] {dag.py:4180} INFO - Setting next_dagrun for import_users_to_database to 2025-04-11 00:00:00+00:00, run_after=2025-04-12 00:00:00+00:00
[2025-04-10T18:48:43.657+0000] {processor.py:208} INFO - Processing /opt/airflow/dags/etl_users.py took 1.465 seconds
[2025-04-10T18:49:14.013+0000] {processor.py:186} INFO - Started process (PID=121) to work on /opt/airflow/dags/etl_users.py
[2025-04-10T18:49:14.015+0000] {processor.py:914} INFO - Processing file /opt/airflow/dags/etl_users.py for tasks to queue
[2025-04-10T18:49:14.021+0000] {logging_mixin.py:190} INFO - [2025-04-10T18:49:14.020+0000] {dagbag.py:588} INFO - Filling up the DagBag from /opt/airflow/dags/etl_users.py
[2025-04-10T18:49:15.041+0000] {processor.py:925} INFO - DAG(s) 'import_users_to_database' retrieved from /opt/airflow/dags/etl_users.py
[2025-04-10T18:49:15.278+0000] {logging_mixin.py:190} INFO - [2025-04-10T18:49:15.277+0000] {dag.py:3239} INFO - Sync 1 DAGs
[2025-04-10T18:49:15.326+0000] {logging_mixin.py:190} INFO - [2025-04-10T18:49:15.326+0000] {dag.py:4180} INFO - Setting next_dagrun for import_users_to_database to 2025-04-11 00:00:00+00:00, run_after=2025-04-12 00:00:00+00:00
[2025-04-10T18:49:15.373+0000] {processor.py:208} INFO - Processing /opt/airflow/dags/etl_users.py took 1.374 seconds
[2025-04-10T18:49:45.584+0000] {processor.py:186} INFO - Started process (PID=133) to work on /opt/airflow/dags/etl_users.py
[2025-04-10T18:49:45.587+0000] {processor.py:914} INFO - Processing file /opt/airflow/dags/etl_users.py for tasks to queue
[2025-04-10T18:49:45.596+0000] {logging_mixin.py:190} INFO - [2025-04-10T18:49:45.595+0000] {dagbag.py:588} INFO - Filling up the DagBag from /opt/airflow/dags/etl_users.py
[2025-04-10T18:49:46.997+0000] {processor.py:925} INFO - DAG(s) 'import_users_to_database' retrieved from /opt/airflow/dags/etl_users.py
[2025-04-10T18:49:47.285+0000] {logging_mixin.py:190} INFO - [2025-04-10T18:49:47.284+0000] {dag.py:3239} INFO - Sync 1 DAGs
[2025-04-10T18:49:47.346+0000] {logging_mixin.py:190} INFO - [2025-04-10T18:49:47.345+0000] {dag.py:4180} INFO - Setting next_dagrun for import_users_to_database to 2025-04-11 00:00:00+00:00, run_after=2025-04-12 00:00:00+00:00
[2025-04-10T18:49:47.412+0000] {processor.py:208} INFO - Processing /opt/airflow/dags/etl_users.py took 1.848 seconds
[2025-04-10T18:50:17.926+0000] {processor.py:186} INFO - Started process (PID=149) to work on /opt/airflow/dags/etl_users.py
[2025-04-10T18:50:17.928+0000] {processor.py:914} INFO - Processing file /opt/airflow/dags/etl_users.py for tasks to queue
[2025-04-10T18:50:17.935+0000] {logging_mixin.py:190} INFO - [2025-04-10T18:50:17.934+0000] {dagbag.py:588} INFO - Filling up the DagBag from /opt/airflow/dags/etl_users.py
[2025-04-10T18:50:19.270+0000] {processor.py:925} INFO - DAG(s) 'import_users_to_database' retrieved from /opt/airflow/dags/etl_users.py
[2025-04-10T18:50:19.597+0000] {logging_mixin.py:190} INFO - [2025-04-10T18:50:19.596+0000] {dag.py:3239} INFO - Sync 1 DAGs
[2025-04-10T18:50:19.668+0000] {logging_mixin.py:190} INFO - [2025-04-10T18:50:19.667+0000] {dag.py:4180} INFO - Setting next_dagrun for import_users_to_database to 2025-04-11 00:00:00+00:00, run_after=2025-04-12 00:00:00+00:00
[2025-04-10T18:50:19.736+0000] {processor.py:208} INFO - Processing /opt/airflow/dags/etl_users.py took 1.825 seconds
[2025-04-10T18:50:50.014+0000] {processor.py:186} INFO - Started process (PID=165) to work on /opt/airflow/dags/etl_users.py
[2025-04-10T18:50:50.018+0000] {processor.py:914} INFO - Processing file /opt/airflow/dags/etl_users.py for tasks to queue
[2025-04-10T18:50:50.024+0000] {logging_mixin.py:190} INFO - [2025-04-10T18:50:50.023+0000] {dagbag.py:588} INFO - Filling up the DagBag from /opt/airflow/dags/etl_users.py
[2025-04-10T18:50:51.509+0000] {processor.py:925} INFO - DAG(s) 'import_users_to_database' retrieved from /opt/airflow/dags/etl_users.py
[2025-04-10T18:50:51.751+0000] {logging_mixin.py:190} INFO - [2025-04-10T18:50:51.749+0000] {dag.py:3239} INFO - Sync 1 DAGs
[2025-04-10T18:50:51.794+0000] {logging_mixin.py:190} INFO - [2025-04-10T18:50:51.793+0000] {dag.py:4180} INFO - Setting next_dagrun for import_users_to_database to 2025-04-11 00:00:00+00:00, run_after=2025-04-12 00:00:00+00:00
[2025-04-10T18:50:51.848+0000] {processor.py:208} INFO - Processing /opt/airflow/dags/etl_users.py took 1.850 seconds
[2025-04-10T18:51:22.212+0000] {processor.py:186} INFO - Started process (PID=183) to work on /opt/airflow/dags/etl_users.py
[2025-04-10T18:51:22.228+0000] {processor.py:914} INFO - Processing file /opt/airflow/dags/etl_users.py for tasks to queue
[2025-04-10T18:51:22.254+0000] {logging_mixin.py:190} INFO - [2025-04-10T18:51:22.251+0000] {dagbag.py:588} INFO - Filling up the DagBag from /opt/airflow/dags/etl_users.py
[2025-04-10T18:51:26.667+0000] {processor.py:925} INFO - DAG(s) 'import_users_to_database' retrieved from /opt/airflow/dags/etl_users.py
[2025-04-10T18:51:27.106+0000] {logging_mixin.py:190} INFO - [2025-04-10T18:51:27.105+0000] {dag.py:3239} INFO - Sync 1 DAGs
[2025-04-10T18:51:27.214+0000] {logging_mixin.py:190} INFO - [2025-04-10T18:51:27.213+0000] {dag.py:4180} INFO - Setting next_dagrun for import_users_to_database to 2025-04-11 00:00:00+00:00, run_after=2025-04-12 00:00:00+00:00
[2025-04-10T18:51:27.376+0000] {processor.py:208} INFO - Processing /opt/airflow/dags/etl_users.py took 5.267 seconds
[2025-04-10T18:51:57.980+0000] {processor.py:186} INFO - Started process (PID=195) to work on /opt/airflow/dags/etl_users.py
[2025-04-10T18:51:57.983+0000] {processor.py:914} INFO - Processing file /opt/airflow/dags/etl_users.py for tasks to queue
[2025-04-10T18:51:57.991+0000] {logging_mixin.py:190} INFO - [2025-04-10T18:51:57.991+0000] {dagbag.py:588} INFO - Filling up the DagBag from /opt/airflow/dags/etl_users.py
[2025-04-10T18:51:58.954+0000] {processor.py:925} INFO - DAG(s) 'import_users_to_database' retrieved from /opt/airflow/dags/etl_users.py
[2025-04-10T18:51:59.177+0000] {logging_mixin.py:190} INFO - [2025-04-10T18:51:59.176+0000] {dag.py:3239} INFO - Sync 1 DAGs
[2025-04-10T18:51:59.222+0000] {logging_mixin.py:190} INFO - [2025-04-10T18:51:59.221+0000] {dag.py:4180} INFO - Setting next_dagrun for import_users_to_database to 2025-04-11 00:00:00+00:00, run_after=2025-04-12 00:00:00+00:00
[2025-04-10T18:51:59.270+0000] {processor.py:208} INFO - Processing /opt/airflow/dags/etl_users.py took 1.303 seconds
[2025-04-10T18:52:29.483+0000] {processor.py:186} INFO - Started process (PID=207) to work on /opt/airflow/dags/etl_users.py
[2025-04-10T18:52:29.486+0000] {processor.py:914} INFO - Processing file /opt/airflow/dags/etl_users.py for tasks to queue
[2025-04-10T18:52:29.492+0000] {logging_mixin.py:190} INFO - [2025-04-10T18:52:29.491+0000] {dagbag.py:588} INFO - Filling up the DagBag from /opt/airflow/dags/etl_users.py
[2025-04-10T18:52:30.532+0000] {processor.py:925} INFO - DAG(s) 'import_users_to_database' retrieved from /opt/airflow/dags/etl_users.py
[2025-04-10T18:52:30.763+0000] {logging_mixin.py:190} INFO - [2025-04-10T18:52:30.762+0000] {dag.py:3239} INFO - Sync 1 DAGs
[2025-04-10T18:52:30.815+0000] {logging_mixin.py:190} INFO - [2025-04-10T18:52:30.815+0000] {dag.py:4180} INFO - Setting next_dagrun for import_users_to_database to 2025-04-11 00:00:00+00:00, run_after=2025-04-12 00:00:00+00:00
[2025-04-10T18:52:30.872+0000] {processor.py:208} INFO - Processing /opt/airflow/dags/etl_users.py took 1.402 seconds
[2025-04-10T18:53:01.542+0000] {processor.py:186} INFO - Started process (PID=219) to work on /opt/airflow/dags/etl_users.py
[2025-04-10T18:53:01.545+0000] {processor.py:914} INFO - Processing file /opt/airflow/dags/etl_users.py for tasks to queue
[2025-04-10T18:53:01.552+0000] {logging_mixin.py:190} INFO - [2025-04-10T18:53:01.551+0000] {dagbag.py:588} INFO - Filling up the DagBag from /opt/airflow/dags/etl_users.py
[2025-04-10T18:53:02.751+0000] {processor.py:925} INFO - DAG(s) 'import_users_to_database' retrieved from /opt/airflow/dags/etl_users.py
[2025-04-10T18:53:02.996+0000] {logging_mixin.py:190} INFO - [2025-04-10T18:53:02.995+0000] {dag.py:3239} INFO - Sync 1 DAGs
[2025-04-10T18:53:03.043+0000] {logging_mixin.py:190} INFO - [2025-04-10T18:53:03.042+0000] {dag.py:4180} INFO - Setting next_dagrun for import_users_to_database to 2025-04-11 00:00:00+00:00, run_after=2025-04-12 00:00:00+00:00
[2025-04-10T18:53:03.093+0000] {processor.py:208} INFO - Processing /opt/airflow/dags/etl_users.py took 1.568 seconds
[2025-04-10T18:53:34.030+0000] {processor.py:186} INFO - Started process (PID=230) to work on /opt/airflow/dags/etl_users.py
[2025-04-10T18:53:34.032+0000] {processor.py:914} INFO - Processing file /opt/airflow/dags/etl_users.py for tasks to queue
[2025-04-10T18:53:34.040+0000] {logging_mixin.py:190} INFO - [2025-04-10T18:53:34.039+0000] {dagbag.py:588} INFO - Filling up the DagBag from /opt/airflow/dags/etl_users.py
[2025-04-10T18:53:35.347+0000] {processor.py:925} INFO - DAG(s) 'import_users_to_database' retrieved from /opt/airflow/dags/etl_users.py
[2025-04-10T18:53:35.651+0000] {logging_mixin.py:190} INFO - [2025-04-10T18:53:35.650+0000] {dag.py:3239} INFO - Sync 1 DAGs
[2025-04-10T18:53:35.712+0000] {logging_mixin.py:190} INFO - [2025-04-10T18:53:35.711+0000] {dag.py:4180} INFO - Setting next_dagrun for import_users_to_database to 2025-04-11 00:00:00+00:00, run_after=2025-04-12 00:00:00+00:00
[2025-04-10T18:53:35.768+0000] {processor.py:208} INFO - Processing /opt/airflow/dags/etl_users.py took 1.757 seconds
[2025-04-10T18:54:06.218+0000] {processor.py:186} INFO - Started process (PID=242) to work on /opt/airflow/dags/etl_users.py
[2025-04-10T18:54:06.221+0000] {processor.py:914} INFO - Processing file /opt/airflow/dags/etl_users.py for tasks to queue
[2025-04-10T18:54:06.227+0000] {logging_mixin.py:190} INFO - [2025-04-10T18:54:06.226+0000] {dagbag.py:588} INFO - Filling up the DagBag from /opt/airflow/dags/etl_users.py
[2025-04-10T18:54:07.314+0000] {processor.py:925} INFO - DAG(s) 'import_users_to_database' retrieved from /opt/airflow/dags/etl_users.py
[2025-04-10T18:54:07.570+0000] {logging_mixin.py:190} INFO - [2025-04-10T18:54:07.569+0000] {dag.py:3239} INFO - Sync 1 DAGs
[2025-04-10T18:54:07.623+0000] {logging_mixin.py:190} INFO - [2025-04-10T18:54:07.623+0000] {dag.py:4180} INFO - Setting next_dagrun for import_users_to_database to 2025-04-11 00:00:00+00:00, run_after=2025-04-12 00:00:00+00:00
[2025-04-10T18:54:07.670+0000] {processor.py:208} INFO - Processing /opt/airflow/dags/etl_users.py took 1.467 seconds
[2025-04-10T18:54:38.015+0000] {processor.py:186} INFO - Started process (PID=254) to work on /opt/airflow/dags/etl_users.py
[2025-04-10T18:54:38.018+0000] {processor.py:914} INFO - Processing file /opt/airflow/dags/etl_users.py for tasks to queue
[2025-04-10T18:54:38.025+0000] {logging_mixin.py:190} INFO - [2025-04-10T18:54:38.024+0000] {dagbag.py:588} INFO - Filling up the DagBag from /opt/airflow/dags/etl_users.py
[2025-04-10T18:54:39.078+0000] {processor.py:925} INFO - DAG(s) 'import_users_to_database' retrieved from /opt/airflow/dags/etl_users.py
[2025-04-10T18:54:39.328+0000] {logging_mixin.py:190} INFO - [2025-04-10T18:54:39.327+0000] {dag.py:3239} INFO - Sync 1 DAGs
[2025-04-10T18:54:39.387+0000] {logging_mixin.py:190} INFO - [2025-04-10T18:54:39.386+0000] {dag.py:4180} INFO - Setting next_dagrun for import_users_to_database to 2025-04-11 00:00:00+00:00, run_after=2025-04-12 00:00:00+00:00
[2025-04-10T18:54:39.437+0000] {processor.py:208} INFO - Processing /opt/airflow/dags/etl_users.py took 1.435 seconds
[2025-04-10T18:55:09.543+0000] {processor.py:186} INFO - Started process (PID=266) to work on /opt/airflow/dags/etl_users.py
[2025-04-10T18:55:09.546+0000] {processor.py:914} INFO - Processing file /opt/airflow/dags/etl_users.py for tasks to queue
[2025-04-10T18:55:09.552+0000] {logging_mixin.py:190} INFO - [2025-04-10T18:55:09.552+0000] {dagbag.py:588} INFO - Filling up the DagBag from /opt/airflow/dags/etl_users.py
[2025-04-10T18:55:10.567+0000] {processor.py:925} INFO - DAG(s) 'import_users_to_database' retrieved from /opt/airflow/dags/etl_users.py
[2025-04-10T18:55:10.821+0000] {logging_mixin.py:190} INFO - [2025-04-10T18:55:10.819+0000] {dag.py:3239} INFO - Sync 1 DAGs
[2025-04-10T18:55:10.883+0000] {logging_mixin.py:190} INFO - [2025-04-10T18:55:10.882+0000] {dag.py:4180} INFO - Setting next_dagrun for import_users_to_database to 2025-04-11 00:00:00+00:00, run_after=2025-04-12 00:00:00+00:00
[2025-04-10T18:55:10.943+0000] {processor.py:208} INFO - Processing /opt/airflow/dags/etl_users.py took 1.412 seconds
[2025-04-10T18:55:41.131+0000] {processor.py:186} INFO - Started process (PID=278) to work on /opt/airflow/dags/etl_users.py
[2025-04-10T18:55:41.134+0000] {processor.py:914} INFO - Processing file /opt/airflow/dags/etl_users.py for tasks to queue
[2025-04-10T18:55:41.140+0000] {logging_mixin.py:190} INFO - [2025-04-10T18:55:41.140+0000] {dagbag.py:588} INFO - Filling up the DagBag from /opt/airflow/dags/etl_users.py
[2025-04-10T18:55:42.151+0000] {processor.py:925} INFO - DAG(s) 'import_users_to_database' retrieved from /opt/airflow/dags/etl_users.py
[2025-04-10T18:55:42.369+0000] {logging_mixin.py:190} INFO - [2025-04-10T18:55:42.368+0000] {dag.py:3239} INFO - Sync 1 DAGs
[2025-04-10T18:55:42.409+0000] {logging_mixin.py:190} INFO - [2025-04-10T18:55:42.408+0000] {dag.py:4180} INFO - Setting next_dagrun for import_users_to_database to 2025-04-11 00:00:00+00:00, run_after=2025-04-12 00:00:00+00:00
[2025-04-10T18:55:42.457+0000] {processor.py:208} INFO - Processing /opt/airflow/dags/etl_users.py took 1.338 seconds
[2025-04-10T18:56:13.405+0000] {processor.py:186} INFO - Started process (PID=290) to work on /opt/airflow/dags/etl_users.py
[2025-04-10T18:56:13.407+0000] {processor.py:914} INFO - Processing file /opt/airflow/dags/etl_users.py for tasks to queue
[2025-04-10T18:56:13.413+0000] {logging_mixin.py:190} INFO - [2025-04-10T18:56:13.413+0000] {dagbag.py:588} INFO - Filling up the DagBag from /opt/airflow/dags/etl_users.py
[2025-04-10T18:56:14.370+0000] {processor.py:925} INFO - DAG(s) 'import_users_to_database' retrieved from /opt/airflow/dags/etl_users.py
[2025-04-10T18:56:14.587+0000] {logging_mixin.py:190} INFO - [2025-04-10T18:56:14.586+0000] {dag.py:3239} INFO - Sync 1 DAGs
[2025-04-10T18:56:14.626+0000] {logging_mixin.py:190} INFO - [2025-04-10T18:56:14.626+0000] {dag.py:4180} INFO - Setting next_dagrun for import_users_to_database to 2025-04-11 00:00:00+00:00, run_after=2025-04-12 00:00:00+00:00
[2025-04-10T18:56:14.670+0000] {processor.py:208} INFO - Processing /opt/airflow/dags/etl_users.py took 1.280 seconds
[2025-04-10T18:56:45.437+0000] {processor.py:186} INFO - Started process (PID=302) to work on /opt/airflow/dags/etl_users.py
[2025-04-10T18:56:45.440+0000] {processor.py:914} INFO - Processing file /opt/airflow/dags/etl_users.py for tasks to queue
[2025-04-10T18:56:45.448+0000] {logging_mixin.py:190} INFO - [2025-04-10T18:56:45.447+0000] {dagbag.py:588} INFO - Filling up the DagBag from /opt/airflow/dags/etl_users.py
[2025-04-10T18:56:46.740+0000] {processor.py:925} INFO - DAG(s) 'import_users_to_database' retrieved from /opt/airflow/dags/etl_users.py
[2025-04-10T18:56:47.024+0000] {logging_mixin.py:190} INFO - [2025-04-10T18:56:47.023+0000] {dag.py:3239} INFO - Sync 1 DAGs
[2025-04-10T18:56:47.072+0000] {logging_mixin.py:190} INFO - [2025-04-10T18:56:47.072+0000] {dag.py:4180} INFO - Setting next_dagrun for import_users_to_database to 2025-04-11 00:00:00+00:00, run_after=2025-04-12 00:00:00+00:00
[2025-04-10T18:56:47.120+0000] {processor.py:208} INFO - Processing /opt/airflow/dags/etl_users.py took 1.702 seconds
[2025-04-10T18:57:17.554+0000] {processor.py:186} INFO - Started process (PID=314) to work on /opt/airflow/dags/etl_users.py
[2025-04-10T18:57:17.556+0000] {processor.py:914} INFO - Processing file /opt/airflow/dags/etl_users.py for tasks to queue
[2025-04-10T18:57:17.563+0000] {logging_mixin.py:190} INFO - [2025-04-10T18:57:17.562+0000] {dagbag.py:588} INFO - Filling up the DagBag from /opt/airflow/dags/etl_users.py
[2025-04-10T18:57:18.699+0000] {processor.py:925} INFO - DAG(s) 'import_users_to_database' retrieved from /opt/airflow/dags/etl_users.py
[2025-04-10T18:57:19.047+0000] {logging_mixin.py:190} INFO - [2025-04-10T18:57:19.046+0000] {dag.py:3239} INFO - Sync 1 DAGs
[2025-04-10T18:57:19.107+0000] {logging_mixin.py:190} INFO - [2025-04-10T18:57:19.106+0000] {dag.py:4180} INFO - Setting next_dagrun for import_users_to_database to 2025-04-11 00:00:00+00:00, run_after=2025-04-12 00:00:00+00:00
[2025-04-10T18:57:19.172+0000] {processor.py:208} INFO - Processing /opt/airflow/dags/etl_users.py took 1.632 seconds
[2025-04-10T18:57:49.382+0000] {processor.py:186} INFO - Started process (PID=326) to work on /opt/airflow/dags/etl_users.py
[2025-04-10T18:57:49.385+0000] {processor.py:914} INFO - Processing file /opt/airflow/dags/etl_users.py for tasks to queue
[2025-04-10T18:57:49.391+0000] {logging_mixin.py:190} INFO - [2025-04-10T18:57:49.390+0000] {dagbag.py:588} INFO - Filling up the DagBag from /opt/airflow/dags/etl_users.py
[2025-04-10T18:57:50.435+0000] {processor.py:925} INFO - DAG(s) 'import_users_to_database' retrieved from /opt/airflow/dags/etl_users.py
[2025-04-10T18:57:50.693+0000] {logging_mixin.py:190} INFO - [2025-04-10T18:57:50.692+0000] {dag.py:3239} INFO - Sync 1 DAGs
[2025-04-10T18:57:50.740+0000] {logging_mixin.py:190} INFO - [2025-04-10T18:57:50.739+0000] {dag.py:4180} INFO - Setting next_dagrun for import_users_to_database to 2025-04-11 00:00:00+00:00, run_after=2025-04-12 00:00:00+00:00
[2025-04-10T18:57:50.796+0000] {processor.py:208} INFO - Processing /opt/airflow/dags/etl_users.py took 1.426 seconds
[2025-04-10T18:58:21.505+0000] {processor.py:186} INFO - Started process (PID=338) to work on /opt/airflow/dags/etl_users.py
[2025-04-10T18:58:21.507+0000] {processor.py:914} INFO - Processing file /opt/airflow/dags/etl_users.py for tasks to queue
[2025-04-10T18:58:21.514+0000] {logging_mixin.py:190} INFO - [2025-04-10T18:58:21.512+0000] {dagbag.py:588} INFO - Filling up the DagBag from /opt/airflow/dags/etl_users.py
[2025-04-10T18:58:22.608+0000] {processor.py:925} INFO - DAG(s) 'import_users_to_database' retrieved from /opt/airflow/dags/etl_users.py
[2025-04-10T18:58:22.914+0000] {logging_mixin.py:190} INFO - [2025-04-10T18:58:22.912+0000] {dag.py:3239} INFO - Sync 1 DAGs
[2025-04-10T18:58:22.979+0000] {logging_mixin.py:190} INFO - [2025-04-10T18:58:22.978+0000] {dag.py:4180} INFO - Setting next_dagrun for import_users_to_database to 2025-04-11 00:00:00+00:00, run_after=2025-04-12 00:00:00+00:00
[2025-04-10T18:58:23.051+0000] {processor.py:208} INFO - Processing /opt/airflow/dags/etl_users.py took 1.560 seconds
[2025-04-10T18:58:53.515+0000] {processor.py:186} INFO - Started process (PID=356) to work on /opt/airflow/dags/etl_users.py
[2025-04-10T18:58:53.517+0000] {processor.py:914} INFO - Processing file /opt/airflow/dags/etl_users.py for tasks to queue
[2025-04-10T18:58:53.524+0000] {logging_mixin.py:190} INFO - [2025-04-10T18:58:53.523+0000] {dagbag.py:588} INFO - Filling up the DagBag from /opt/airflow/dags/etl_users.py
[2025-04-10T18:58:54.646+0000] {processor.py:925} INFO - DAG(s) 'import_users_to_database' retrieved from /opt/airflow/dags/etl_users.py
[2025-04-10T18:58:54.889+0000] {logging_mixin.py:190} INFO - [2025-04-10T18:58:54.888+0000] {dag.py:3239} INFO - Sync 1 DAGs
[2025-04-10T18:58:54.931+0000] {logging_mixin.py:190} INFO - [2025-04-10T18:58:54.931+0000] {dag.py:4180} INFO - Setting next_dagrun for import_users_to_database to 2025-04-11 00:00:00+00:00, run_after=2025-04-12 00:00:00+00:00
[2025-04-10T18:58:54.977+0000] {processor.py:208} INFO - Processing /opt/airflow/dags/etl_users.py took 1.475 seconds
