[2025-03-30T23:33:54.458+0000] {local_task_job_runner.py:123} INFO - ::group::Pre task execution logs
[2025-03-30T23:33:54.581+0000] {taskinstance.py:2614} INFO - Dependencies all met for dep_context=non-requeueable deps ti=<TaskInstance: create_table_if_not_exist.create_users_table manual__2025-03-30T23:31:24.264901+00:00 [queued]>
[2025-03-30T23:33:54.621+0000] {taskinstance.py:2614} INFO - Dependencies all met for dep_context=requeueable deps ti=<TaskInstance: create_table_if_not_exist.create_users_table manual__2025-03-30T23:31:24.264901+00:00 [queued]>
[2025-03-30T23:33:54.624+0000] {taskinstance.py:2867} INFO - Starting attempt 5 of 5
[2025-03-30T23:33:54.697+0000] {taskinstance.py:2890} INFO - Executing <Task(SQLExecuteQueryOperator): create_users_table> on 2025-03-30 23:31:24.264901+00:00
[2025-03-30T23:33:54.719+0000] {warnings.py:112} WARNING - /home/***/.local/lib/python3.12/site-packages/***/task/task_runner/standard_task_runner.py:70: DeprecationWarning: This process (pid=200) is multi-threaded, use of fork() may lead to deadlocks in the child.
  pid = os.fork()

[2025-03-30T23:33:54.729+0000] {standard_task_runner.py:72} INFO - Started process 201 to run task
[2025-03-30T23:33:54.736+0000] {standard_task_runner.py:104} INFO - Running: ['***', 'tasks', 'run', 'create_table_if_not_exist', 'create_users_table', 'manual__2025-03-30T23:31:24.264901+00:00', '--job-id', '22', '--raw', '--subdir', 'DAGS_FOLDER/create_sql_tables.py', '--cfg-path', '/tmp/tmp848l9ml1']
[2025-03-30T23:33:54.743+0000] {standard_task_runner.py:105} INFO - Job 22: Subtask create_users_table
[2025-03-30T23:33:55.058+0000] {task_command.py:467} INFO - Running <TaskInstance: create_table_if_not_exist.create_users_table manual__2025-03-30T23:31:24.264901+00:00 [running]> on host dd1836f126a3
[2025-03-30T23:33:55.631+0000] {taskinstance.py:3134} INFO - Exporting env vars: AIRFLOW_CTX_DAG_OWNER='azizjon' AIRFLOW_CTX_DAG_ID='create_table_if_not_exist' AIRFLOW_CTX_TASK_ID='create_users_table' AIRFLOW_CTX_EXECUTION_DATE='2025-03-30T23:31:24.264901+00:00' AIRFLOW_CTX_TRY_NUMBER='5' AIRFLOW_CTX_DAG_RUN_ID='manual__2025-03-30T23:31:24.264901+00:00'
[2025-03-30T23:33:55.636+0000] {taskinstance.py:732} INFO - ::endgroup::
[2025-03-30T23:33:55.749+0000] {sql.py:295} INFO - Executing: 
            CREATE TABLE IF NOT EXISTS users (
                user_id INTEGER PRIMARY KEY,
                location VARCHAR(255),
                age INTEGER
            );
        
[2025-03-30T23:33:55.874+0000] {base.py:84} INFO - Retrieving connection 'postgres_localhost'
[2025-03-30T23:33:56.306+0000] {base.py:84} INFO - Retrieving connection 'postgres_localhost'
[2025-03-30T23:33:56.641+0000] {sql.py:511} INFO - Running statement: 
            CREATE TABLE IF NOT EXISTS users (
                user_id INTEGER PRIMARY KEY,
                location VARCHAR(255),
                age INTEGER
            );
        , parameters: None
[2025-03-30T23:33:56.840+0000] {warnings.py:112} WARNING - /home/***/.local/lib/python3.12/site-packages/***/providers/common/sql/hooks/sql.py:470: DeprecationWarning: Import of fetch_all_handler from the '***.providers.common.sql.hooks' module is deprecated and will
be removed in the future. Please import it from '***.providers.common.sql.hooks.handlers'.
  result = self._make_common_data_structure(handler(cur))

[2025-03-30T23:33:56.855+0000] {warnings.py:112} WARNING - /home/***/.local/lib/python3.12/site-packages/***/providers/common/sql/hooks/sql.py:471: DeprecationWarning: Import of return_single_query_results from the '***.providers.common.sql.hooks' module is deprecated and will
be removed in the future. Please import it from '***.providers.common.sql.hooks.handlers'.
  if return_single_query_results(sql, return_last, split_statements):

[2025-03-30T23:33:56.877+0000] {warnings.py:112} WARNING - /home/***/.local/lib/python3.12/site-packages/***/providers/common/sql/hooks/sql.py:486: DeprecationWarning: Import of return_single_query_results from the '***.providers.common.sql.hooks' module is deprecated and will
be removed in the future. Please import it from '***.providers.common.sql.hooks.handlers'.
  if return_single_query_results(sql, return_last, split_statements):

[2025-03-30T23:33:56.883+0000] {warnings.py:112} WARNING - /home/***/.local/lib/python3.12/site-packages/***/providers/common/sql/operators/sql.py:311: DeprecationWarning: Import of return_single_query_results from the '***.providers.common.sql.hooks' module is deprecated and will
be removed in the future. Please import it from '***.providers.common.sql.hooks.handlers'.
  if return_single_query_results(self.sql, self.return_last, self.split_statements):

[2025-03-30T23:33:56.924+0000] {taskinstance.py:341} INFO - ::group::Post task execution logs
[2025-03-30T23:33:56.926+0000] {taskinstance.py:353} INFO - Marking task as SUCCESS. dag_id=create_table_if_not_exist, task_id=create_users_table, run_id=manual__2025-03-30T23:31:24.264901+00:00, execution_date=20250330T233124, start_date=20250330T233354, end_date=20250330T233356
[2025-03-30T23:33:57.030+0000] {local_task_job_runner.py:266} INFO - Task exited with return code 0
[2025-03-30T23:33:57.158+0000] {taskinstance.py:3901} INFO - 1 downstream tasks scheduled from follow-on schedule check
[2025-03-30T23:33:57.166+0000] {local_task_job_runner.py:245} INFO - ::endgroup::
