[2025-03-30T21:53:37.933+0000] {local_task_job_runner.py:123} INFO - ::group::Pre task execution logs
[2025-03-30T21:53:38.000+0000] {taskinstance.py:2614} INFO - Dependencies all met for dep_context=non-requeueable deps ti=<TaskInstance: create_table_if_not_exist.create_books_table manual__2025-03-30T21:53:27.175303+00:00 [queued]>
[2025-03-30T21:53:38.033+0000] {taskinstance.py:2614} INFO - Dependencies all met for dep_context=requeueable deps ti=<TaskInstance: create_table_if_not_exist.create_books_table manual__2025-03-30T21:53:27.175303+00:00 [queued]>
[2025-03-30T21:53:38.036+0000] {taskinstance.py:2867} INFO - Starting attempt 1 of 2
[2025-03-30T21:53:38.103+0000] {taskinstance.py:2890} INFO - Executing <Task(SQLExecuteQueryOperator): create_books_table> on 2025-03-30 21:53:27.175303+00:00
[2025-03-30T21:53:38.129+0000] {warnings.py:112} WARNING - /home/***/.local/lib/python3.12/site-packages/***/task/task_runner/standard_task_runner.py:70: DeprecationWarning: This process (pid=122) is multi-threaded, use of fork() may lead to deadlocks in the child.
  pid = os.fork()

[2025-03-30T21:53:38.138+0000] {standard_task_runner.py:104} INFO - Running: ['***', 'tasks', 'run', 'create_table_if_not_exist', 'create_books_table', 'manual__2025-03-30T21:53:27.175303+00:00', '--job-id', '3', '--raw', '--subdir', 'DAGS_FOLDER/create_sql_tables.py', '--cfg-path', '/tmp/tmpq46j7q2f']
[2025-03-30T21:53:38.144+0000] {standard_task_runner.py:105} INFO - Job 3: Subtask create_books_table
[2025-03-30T21:53:38.143+0000] {standard_task_runner.py:72} INFO - Started process 126 to run task
[2025-03-30T21:53:38.400+0000] {task_command.py:467} INFO - Running <TaskInstance: create_table_if_not_exist.create_books_table manual__2025-03-30T21:53:27.175303+00:00 [running]> on host 3947a336792d
[2025-03-30T21:53:38.708+0000] {taskinstance.py:3134} INFO - Exporting env vars: AIRFLOW_CTX_DAG_OWNER='azizjon' AIRFLOW_CTX_DAG_ID='create_table_if_not_exist' AIRFLOW_CTX_TASK_ID='create_books_table' AIRFLOW_CTX_EXECUTION_DATE='2025-03-30T21:53:27.175303+00:00' AIRFLOW_CTX_TRY_NUMBER='1' AIRFLOW_CTX_DAG_RUN_ID='manual__2025-03-30T21:53:27.175303+00:00'
[2025-03-30T21:53:38.711+0000] {taskinstance.py:732} INFO - ::endgroup::
[2025-03-30T21:53:38.872+0000] {sql.py:295} INFO - Executing: 
            CREATE TABLE IF NOT EXISTS books (
                ISBN VARCHAR(13) PRIMARY KEY,
                book_title VARCHAR(1000) NOT NULL,
                book_author VARCHAR(255),
                year_of_publication INTEGER,
                publisher VARCHAR(255),
                image_url_s VARCHAR(255),
                image_url_m VARCHAR(255),
                image_url_l VARCHAR(255)
            );
        
[2025-03-30T21:53:38.907+0000] {base.py:84} INFO - Retrieving connection 'postgres_localhost'
[2025-03-30T21:53:38.971+0000] {base.py:84} INFO - Retrieving connection 'postgres_localhost'
[2025-03-30T21:53:39.161+0000] {sql.py:511} INFO - Running statement: 
            CREATE TABLE IF NOT EXISTS books (
                ISBN VARCHAR(13) PRIMARY KEY,
                book_title VARCHAR(1000) NOT NULL,
                book_author VARCHAR(255),
                year_of_publication INTEGER,
                publisher VARCHAR(255),
                image_url_s VARCHAR(255),
                image_url_m VARCHAR(255),
                image_url_l VARCHAR(255)
            );
        , parameters: None
[2025-03-30T21:53:39.311+0000] {warnings.py:112} WARNING - /home/***/.local/lib/python3.12/site-packages/***/providers/common/sql/hooks/sql.py:470: DeprecationWarning: Import of fetch_all_handler from the '***.providers.common.sql.hooks' module is deprecated and will
be removed in the future. Please import it from '***.providers.common.sql.hooks.handlers'.
  result = self._make_common_data_structure(handler(cur))

[2025-03-30T21:53:39.319+0000] {warnings.py:112} WARNING - /home/***/.local/lib/python3.12/site-packages/***/providers/common/sql/hooks/sql.py:471: DeprecationWarning: Import of return_single_query_results from the '***.providers.common.sql.hooks' module is deprecated and will
be removed in the future. Please import it from '***.providers.common.sql.hooks.handlers'.
  if return_single_query_results(sql, return_last, split_statements):

[2025-03-30T21:53:39.333+0000] {warnings.py:112} WARNING - /home/***/.local/lib/python3.12/site-packages/***/providers/common/sql/hooks/sql.py:486: DeprecationWarning: Import of return_single_query_results from the '***.providers.common.sql.hooks' module is deprecated and will
be removed in the future. Please import it from '***.providers.common.sql.hooks.handlers'.
  if return_single_query_results(sql, return_last, split_statements):

[2025-03-30T21:53:39.337+0000] {warnings.py:112} WARNING - /home/***/.local/lib/python3.12/site-packages/***/providers/common/sql/operators/sql.py:311: DeprecationWarning: Import of return_single_query_results from the '***.providers.common.sql.hooks' module is deprecated and will
be removed in the future. Please import it from '***.providers.common.sql.hooks.handlers'.
  if return_single_query_results(self.sql, self.return_last, self.split_statements):

[2025-03-30T21:53:39.382+0000] {taskinstance.py:341} INFO - ::group::Post task execution logs
[2025-03-30T21:53:39.385+0000] {taskinstance.py:353} INFO - Marking task as SUCCESS. dag_id=create_table_if_not_exist, task_id=create_books_table, run_id=manual__2025-03-30T21:53:27.175303+00:00, execution_date=20250330T215327, start_date=20250330T215338, end_date=20250330T215339
[2025-03-30T21:53:39.525+0000] {local_task_job_runner.py:266} INFO - Task exited with return code 0
[2025-03-30T21:53:39.635+0000] {taskinstance.py:3901} INFO - 0 downstream tasks scheduled from follow-on schedule check
[2025-03-30T21:53:39.646+0000] {local_task_job_runner.py:245} INFO - ::endgroup::
