[2025-03-30T21:53:42.078+0000] {local_task_job_runner.py:123} INFO - ::group::Pre task execution logs
[2025-03-30T21:53:42.167+0000] {taskinstance.py:2614} INFO - Dependencies all met for dep_context=non-requeueable deps ti=<TaskInstance: create_table_if_not_exist.create_ratings_table scheduled__2025-03-21T00:00:00+00:00 [queued]>
[2025-03-30T21:53:42.210+0000] {taskinstance.py:2614} INFO - Dependencies all met for dep_context=requeueable deps ti=<TaskInstance: create_table_if_not_exist.create_ratings_table scheduled__2025-03-21T00:00:00+00:00 [queued]>
[2025-03-30T21:53:42.213+0000] {taskinstance.py:2867} INFO - Starting attempt 1 of 2
[2025-03-30T21:53:42.270+0000] {taskinstance.py:2890} INFO - Executing <Task(SQLExecuteQueryOperator): create_ratings_table> on 2025-03-21 00:00:00+00:00
[2025-03-30T21:53:42.308+0000] {warnings.py:112} WARNING - /home/***/.local/lib/python3.12/site-packages/***/task/task_runner/standard_task_runner.py:70: DeprecationWarning: This process (pid=133) is multi-threaded, use of fork() may lead to deadlocks in the child.
  pid = os.fork()

[2025-03-30T21:53:42.316+0000] {standard_task_runner.py:72} INFO - Started process 134 to run task
[2025-03-30T21:53:42.318+0000] {standard_task_runner.py:104} INFO - Running: ['***', 'tasks', 'run', 'create_table_if_not_exist', 'create_ratings_table', 'scheduled__2025-03-21T00:00:00+00:00', '--job-id', '7', '--raw', '--subdir', 'DAGS_FOLDER/create_sql_tables.py', '--cfg-path', '/tmp/tmp5uv_bfar']
[2025-03-30T21:53:42.329+0000] {standard_task_runner.py:105} INFO - Job 7: Subtask create_ratings_table
[2025-03-30T21:53:42.526+0000] {task_command.py:467} INFO - Running <TaskInstance: create_table_if_not_exist.create_ratings_table scheduled__2025-03-21T00:00:00+00:00 [running]> on host 3947a336792d
[2025-03-30T21:53:42.832+0000] {taskinstance.py:3134} INFO - Exporting env vars: AIRFLOW_CTX_DAG_OWNER='azizjon' AIRFLOW_CTX_DAG_ID='create_table_if_not_exist' AIRFLOW_CTX_TASK_ID='create_ratings_table' AIRFLOW_CTX_EXECUTION_DATE='2025-03-21T00:00:00+00:00' AIRFLOW_CTX_TRY_NUMBER='1' AIRFLOW_CTX_DAG_RUN_ID='scheduled__2025-03-21T00:00:00+00:00'
[2025-03-30T21:53:42.837+0000] {taskinstance.py:732} INFO - ::endgroup::
[2025-03-30T21:53:42.918+0000] {sql.py:295} INFO - Executing: 
            CREATE TABLE IF NOT EXISTS ratings (
                user_id INTEGER,
                ISBN VARCHAR(20),
                book_rating INTEGER,
                PRIMARY KEY (user_id, ISBN)
        );
        
[2025-03-30T21:53:42.951+0000] {base.py:84} INFO - Retrieving connection 'postgres_localhost'
[2025-03-30T21:53:42.979+0000] {base.py:84} INFO - Retrieving connection 'postgres_localhost'
[2025-03-30T21:53:43.014+0000] {sql.py:511} INFO - Running statement: 
            CREATE TABLE IF NOT EXISTS ratings (
                user_id INTEGER,
                ISBN VARCHAR(20),
                book_rating INTEGER,
                PRIMARY KEY (user_id, ISBN)
        );
        , parameters: None
[2025-03-30T21:53:43.061+0000] {warnings.py:112} WARNING - /home/***/.local/lib/python3.12/site-packages/***/providers/common/sql/hooks/sql.py:470: DeprecationWarning: Import of fetch_all_handler from the '***.providers.common.sql.hooks' module is deprecated and will
be removed in the future. Please import it from '***.providers.common.sql.hooks.handlers'.
  result = self._make_common_data_structure(handler(cur))

[2025-03-30T21:53:43.066+0000] {warnings.py:112} WARNING - /home/***/.local/lib/python3.12/site-packages/***/providers/common/sql/hooks/sql.py:471: DeprecationWarning: Import of return_single_query_results from the '***.providers.common.sql.hooks' module is deprecated and will
be removed in the future. Please import it from '***.providers.common.sql.hooks.handlers'.
  if return_single_query_results(sql, return_last, split_statements):

[2025-03-30T21:53:43.083+0000] {warnings.py:112} WARNING - /home/***/.local/lib/python3.12/site-packages/***/providers/common/sql/hooks/sql.py:486: DeprecationWarning: Import of return_single_query_results from the '***.providers.common.sql.hooks' module is deprecated and will
be removed in the future. Please import it from '***.providers.common.sql.hooks.handlers'.
  if return_single_query_results(sql, return_last, split_statements):

[2025-03-30T21:53:43.092+0000] {warnings.py:112} WARNING - /home/***/.local/lib/python3.12/site-packages/***/providers/common/sql/operators/sql.py:311: DeprecationWarning: Import of return_single_query_results from the '***.providers.common.sql.hooks' module is deprecated and will
be removed in the future. Please import it from '***.providers.common.sql.hooks.handlers'.
  if return_single_query_results(self.sql, self.return_last, self.split_statements):

[2025-03-30T21:53:43.127+0000] {taskinstance.py:341} INFO - ::group::Post task execution logs
[2025-03-30T21:53:43.130+0000] {taskinstance.py:353} INFO - Marking task as SUCCESS. dag_id=create_table_if_not_exist, task_id=create_ratings_table, run_id=scheduled__2025-03-21T00:00:00+00:00, execution_date=20250321T000000, start_date=20250330T215342, end_date=20250330T215343
[2025-03-30T21:53:43.283+0000] {local_task_job_runner.py:266} INFO - Task exited with return code 0
[2025-03-30T21:53:43.342+0000] {taskinstance.py:3901} INFO - 0 downstream tasks scheduled from follow-on schedule check
[2025-03-30T21:53:43.350+0000] {local_task_job_runner.py:245} INFO - ::endgroup::
